-- Found DART: /usr/include (Required is at least version "6.6") found components: dart 
-- Found Protobuf: /usr/lib/x86_64-linux-gnu/libprotobuf.so (found version "3.12.4") 
-- Looking for ignition-math6 -- found version 6.15.1
-- Searching for dependencies of ignition-math6
-- Looking for OGRE...
-- Found Ogre Ghadamon (1.9.0)
-- Found OGRE: optimized;/usr/lib/x86_64-linux-gnu/libOgreMain.so;debug;/usr/lib/x86_64-linux-gnu/libOgreMain.so
-- Looking for OGRE_Paging...
-- Found OGRE_Paging: optimized;/usr/lib/x86_64-linux-gnu/libOgrePaging.so;debug;/usr/lib/x86_64-linux-gnu/libOgrePaging.so
-- Looking for OGRE_Terrain...
-- Found OGRE_Terrain: optimized;/usr/lib/x86_64-linux-gnu/libOgreTerrain.so;debug;/usr/lib/x86_64-linux-gnu/libOgreTerrain.so
-- Looking for OGRE_Property...
-- Found OGRE_Property: optimized;/usr/lib/x86_64-linux-gnu/libOgreProperty.so;debug;/usr/lib/x86_64-linux-gnu/libOgreProperty.so
-- Looking for OGRE_RTShaderSystem...
-- Found OGRE_RTShaderSystem: optimized;/usr/lib/x86_64-linux-gnu/libOgreRTShaderSystem.so;debug;/usr/lib/x86_64-linux-gnu/libOgreRTShaderSystem.so
-- Looking for OGRE_Volume...
-- Found OGRE_Volume: optimized;/usr/lib/x86_64-linux-gnu/libOgreVolume.so;debug;/usr/lib/x86_64-linux-gnu/libOgreVolume.so
-- Looking for OGRE_Overlay...
-- Found OGRE_Overlay: optimized;/usr/lib/x86_64-linux-gnu/libOgreOverlay.so;debug;/usr/lib/x86_64-linux-gnu/libOgreOverlay.so
-- Looking for ignition-math6 -- found version 6.15.1
-- Looking for ignition-transport8 -- found version 8.2.1
-- Searching for dependencies of ignition-transport8
-- Found Protobuf: /usr/lib/x86_64-linux-gnu/libprotobuf.so (found suitable version "3.12.4", minimum required is "3") 
-- Config-file not installed for ZeroMQ -- checking for pkg-config
-- Checking for module 'libzmq >= 4'
--   Found libzmq , version 4.3.4
-- Checking for module 'uuid'
--   Found uuid, version 2.37.2
-- Looking for ignition-msgs5 -- found version 5.8.1
-- Searching for dependencies of ignition-msgs5
-- Looking for ignition-math6 -- found version 6.15.1
-- Checking for module 'tinyxml2'
--   Found tinyxml2, version 9.0.0
-- Looking for ignition-msgs5 -- found version 5.8.1
-- Looking for ignition-common3 -- found version 3.14.0
-- Searching for dependencies of ignition-common3
-- Looking for dlfcn.h - found
-- Looking for libdl - found
-- Searching for <ignition-common3> component [graphics]
-- Looking for ignition-common3-graphics -- found version 3.14.0
-- Searching for dependencies of ignition-common3-graphics
-- Looking for ignition-math6 -- found version 6.15.1
-- Looking for ignition-fuel_tools4 -- found version 4.4.0
-- Searching for dependencies of ignition-fuel_tools4
-- Checking for module 'jsoncpp'
--   Found jsoncpp, version 1.9.5
-- Checking for module 'libzip'
--   Found libzip, version 1.7.3
-- Looking for ignition-common3 -- found version 3.14.0
-- Looking for ignition-math6 -- found version 6.15.1
-- Looking for ignition-msgs5 -- found version 5.8.1
-- Found ament_cmake: 1.3.11 (/opt/ros/humble/share/ament_cmake/cmake)
-- Found Python3: /usr/bin/python3 (found version "3.10.12") found components: Interpreter 
-- Override CMake install command with custom implementation using symlinks instead of copying resources
-- Found joint_state_broadcaster: 2.39.0 (/opt/ros/humble/share/joint_state_broadcaster/cmake)
-- Found rosidl_generator_c: 3.1.6 (/opt/ros/humble/share/rosidl_generator_c/cmake)
-- Found rosidl_adapter: 3.1.6 (/opt/ros/humble/share/rosidl_adapter/cmake)
-- Found rosidl_generator_cpp: 3.1.6 (/opt/ros/humble/share/rosidl_generator_cpp/cmake)
-- Using all available rosidl_typesupport_c: rosidl_typesupport_fastrtps_c;rosidl_typesupport_introspection_c
-- Using all available rosidl_typesupport_cpp: rosidl_typesupport_fastrtps_cpp;rosidl_typesupport_introspection_cpp
-- Found rmw_implementation_cmake: 6.1.2 (/opt/ros/humble/share/rmw_implementation_cmake/cmake)
-- Found rmw_fastrtps_cpp: 6.2.7 (/opt/ros/humble/share/rmw_fastrtps_cpp/cmake)
-- Found TinyXML2 via Config file: TinyXML2_DIR-NOTFOUND
-- Found TinyXML2 via Config file: TinyXML2_DIR-NOTFOUND
-- Found TinyXML2 via Config file: TinyXML2_DIR-NOTFOUND
-- Found TinyXML2 via Config file: TinyXML2_DIR-NOTFOUND
-- Using RMW implementation 'rmw_fastrtps_cpp' as default
-- Found parameter_traits: 0.3.9 (/opt/ros/humble/share/parameter_traits/cmake)
-- Found robot_state_publisher: 3.0.3 (/opt/ros/humble/share/robot_state_publisher/cmake)
-- Found eigen3_cmake_module: 0.1.1 (/opt/ros/humble/share/eigen3_cmake_module/cmake)
-- Ensuring Eigen3 include directory is part of orocos-kdl CMake target
-- Found gazebo_ros: 3.7.0 (/opt/ros/humble/share/gazebo_ros/cmake)
-- Gazebo version: 11.10
-- Found robot_msgs: 0.0.0 (/home/y/Project/unitree_Go2/Go2_deploy/install/share/robot_msgs/cmake)
-- Found robot_joint_controller: 0.0.0 (/home/y/Project/unitree_Go2/Go2_deploy/install/share/robot_joint_controller/cmake)
-- Found rclpy: 3.3.15 (/opt/ros/humble/share/rclpy/cmake)
-- Found gazebo_msgs: 3.7.0 (/opt/ros/humble/share/gazebo_msgs/cmake)
-- Found std_srvs: 4.2.4 (/opt/ros/humble/share/std_srvs/cmake)
-- Found Python3: /usr/bin/python3 (found suitable exact version "3.10.12") found components: Interpreter Development Development.Module Development.Embed 
-- Found Python3: /usr/include/python3.10 (found version "3.10.12") found components: NumPy Interpreter Development.Module 
-- Configuring done
-- Generating done
-- Build files have been written to: /home/y/Project/unitree_Go2/Go2_deploy/build/rl_sar
[35m[1mConsolidate compiler generated dependencies of target rl_sdk[0m
[35m[1mConsolidate compiler generated dependencies of target observation_buffer[0m
[ 40%] Built target rl_sdk
[ 40%] Built target observation_buffer
[35m[1mConsolidate compiler generated dependencies of target rl_real_a1[0m
[35m[1mConsolidate compiler generated dependencies of target rl_sim[0m
[35m[1mConsolidate compiler generated dependencies of target rl_real_go2[0m
[ 70%] [32m[1mLinking CXX executable rl_real_go2[0m
[ 70%] [32mBuilding CXX object CMakeFiles/rl_real_a1.dir/src/rl_real_a1.cpp.o[0m
[ 70%] [32m[1mLinking CXX executable rl_sim[0m
[ 80%] Built target rl_real_go2
[ 90%] Built target rl_sim
[100%] [32m[1mLinking CXX executable rl_real_a1[0m
[100%] Built target rl_real_a1
-- Install configuration: "Debug"
-- Execute custom install script
-- Up-to-date symlink: /home/y/Project/unitree_Go2/Go2_deploy/install/lib//libunitree_legged_sdk_amd64.so
-- Up-to-date symlink: /home/y/Project/unitree_Go2/Go2_deploy/install/lib//libunitree_legged_sdk_arm32.so
-- Up-to-date symlink: /home/y/Project/unitree_Go2/Go2_deploy/install/lib//libunitree_legged_sdk_arm64.so
-- Up-to-date symlink: /home/y/Project/unitree_Go2/Go2_deploy/install/lib//libddsc.so
-- Up-to-date symlink: /home/y/Project/unitree_Go2/Go2_deploy/install/lib//libddscxx.so
-- Up-to-date symlink: /home/y/Project/unitree_Go2/Go2_deploy/install/lib/rl_sar/rl_sim
-- Up-to-date symlink: /home/y/Project/unitree_Go2/Go2_deploy/install/lib/rl_sar/librl_sdk.a
-- Up-to-date symlink: /home/y/Project/unitree_Go2/Go2_deploy/install/lib/rl_sar/libobservation_buffer.a
-- Up-to-date symlink: /home/y/Project/unitree_Go2/Go2_deploy/install/lib/rl_sar/rl_real_a1
-- Up-to-date symlink: /home/y/Project/unitree_Go2/Go2_deploy/install/lib/rl_sar/rl_real_go2
-- Up-to-date symlink: /home/y/Project/unitree_Go2/Go2_deploy/install/lib/rl_sar/rl_sim.py
-- Up-to-date symlink: /home/y/Project/unitree_Go2/Go2_deploy/install/lib/rl_sar/actuator_net.py
-- Up-to-date symlink: /home/y/Project/unitree_Go2/Go2_deploy/install/share/rl_sar//launch/gazebo.launch.py
-- Up-to-date symlink: /home/y/Project/unitree_Go2/Go2_deploy/install/share/rl_sar//worlds/stairs.world
-- Up-to-date symlink: /home/y/Project/unitree_Go2/Go2_deploy/install/share/rl_sar//models/a1_isaacgym/config.yaml
-- Up-to-date symlink: /home/y/Project/unitree_Go2/Go2_deploy/install/share/rl_sar//models/a1_isaacgym/model_0501.pt
-- Up-to-date symlink: /home/y/Project/unitree_Go2/Go2_deploy/install/share/rl_sar//models/a1_isaacgym/model_0522.pt
-- Up-to-date symlink: /home/y/Project/unitree_Go2/Go2_deploy/install/share/rl_sar//models/a1_isaacgym/model_0526.pt
-- Up-to-date symlink: /home/y/Project/unitree_Go2/Go2_deploy/install/share/rl_sar//models/a1_isaacgym/model_0702.pt
-- Up-to-date symlink: /home/y/Project/unitree_Go2/Go2_deploy/install/share/rl_sar//models/a1_isaacsim/config.yaml
-- Up-to-date symlink: /home/y/Project/unitree_Go2/Go2_deploy/install/share/rl_sar//models/a1_isaacsim/policy.pt
-- Up-to-date symlink: /home/y/Project/unitree_Go2/Go2_deploy/install/share/rl_sar//models/go2_isaacgym/config.yaml
-- Up-to-date symlink: /home/y/Project/unitree_Go2/Go2_deploy/install/share/rl_sar//models/go2_isaacgym/himloco.pt
-- Up-to-date symlink: /home/y/Project/unitree_Go2/Go2_deploy/install/share/rl_sar//models/go2_isaacgym/policy_1.pt
-- Up-to-date symlink: /home/y/Project/unitree_Go2/Go2_deploy/install/share/rl_sar//models/gr1t1_isaacgym/config.yaml
-- Up-to-date symlink: /home/y/Project/unitree_Go2/Go2_deploy/install/share/rl_sar//models/gr1t1_isaacgym/model_4000_jit.pt
-- Up-to-date symlink: /home/y/Project/unitree_Go2/Go2_deploy/install/share/rl_sar//models/gr1t1_isaacsim/config.yaml
-- Up-to-date symlink: /home/y/Project/unitree_Go2/Go2_deploy/install/share/rl_sar//models/gr1t2_isaacgym/config.yaml
-- Up-to-date symlink: /home/y/Project/unitree_Go2/Go2_deploy/install/share/rl_sar//models/gr1t2_isaacgym/model_4000_jit.pt
-- Up-to-date symlink: /home/y/Project/unitree_Go2/Go2_deploy/install/share/rl_sar//models/gr1t2_isaacsim/config.yaml
-- Up-to-date symlink: /home/y/Project/unitree_Go2/Go2_deploy/install/share/ament_index/resource_index/package_run_dependencies/rl_sar
-- Up-to-date symlink: /home/y/Project/unitree_Go2/Go2_deploy/install/share/ament_index/resource_index/parent_prefix_path/rl_sar
-- Up-to-date symlink: /home/y/Project/unitree_Go2/Go2_deploy/install/share/rl_sar/environment/ament_prefix_path.sh
-- Up-to-date symlink: /home/y/Project/unitree_Go2/Go2_deploy/install/share/rl_sar/environment/ament_prefix_path.dsv
-- Up-to-date symlink: /home/y/Project/unitree_Go2/Go2_deploy/install/share/rl_sar/environment/path.sh
-- Up-to-date symlink: /home/y/Project/unitree_Go2/Go2_deploy/install/share/rl_sar/environment/path.dsv
-- Up-to-date symlink: /home/y/Project/unitree_Go2/Go2_deploy/install/share/rl_sar/local_setup.bash
-- Up-to-date symlink: /home/y/Project/unitree_Go2/Go2_deploy/install/share/rl_sar/local_setup.sh
-- Up-to-date symlink: /home/y/Project/unitree_Go2/Go2_deploy/install/share/rl_sar/local_setup.zsh
-- Up-to-date symlink: /home/y/Project/unitree_Go2/Go2_deploy/install/share/rl_sar/local_setup.dsv
-- Symlinking: /home/y/Project/unitree_Go2/Go2_deploy/install/share/rl_sar/package.dsv
-- Up-to-date symlink: /home/y/Project/unitree_Go2/Go2_deploy/install/share/ament_index/resource_index/packages/rl_sar
-- Up-to-date symlink: /home/y/Project/unitree_Go2/Go2_deploy/install/share/rl_sar/cmake/rl_sarConfig.cmake
-- Up-to-date symlink: /home/y/Project/unitree_Go2/Go2_deploy/install/share/rl_sar/cmake/rl_sarConfig-version.cmake
-- Up-to-date symlink: /home/y/Project/unitree_Go2/Go2_deploy/install/share/rl_sar/package.xml
