[0.074s] DEBUG:colcon:Command line arguments: ['/usr/bin/colcon', 'build', '--merge-install', '--symlink-install']
[0.074s] DEBUG:colcon:Parsed command line arguments: Namespace(log_base=None, log_level=None, verb_name='build', build_base='build', install_base='install', merge_install=True, symlink_install=True, test_result_base=None, continue_on_error=False, executor='parallel', parallel_workers=16, event_handlers=None, ignore_user_meta=False, metas=['./colcon.meta'], base_paths=['.'], packages_ignore=None, packages_ignore_regex=None, paths=None, packages_up_to=None, packages_up_to_regex=None, packages_above=None, packages_above_and_dependencies=None, packages_above_depth=None, packages_select_by_dep=None, packages_skip_by_dep=None, packages_skip_up_to=None, packages_select_build_failed=False, packages_skip_build_finished=False, packages_select_test_failures=False, packages_skip_test_passed=False, packages_select=None, packages_skip=None, packages_select_regex=None, packages_skip_regex=None, packages_start=None, packages_end=None, allow_overriding=[], cmake_args=None, cmake_target=None, cmake_target_skip_unavailable=False, cmake_clean_cache=False, cmake_clean_first=False, cmake_force_configure=False, ament_cmake_args=None, catkin_cmake_args=None, catkin_skip_building_tests=False, verb_parser=<colcon_defaults.argument_parser.defaults.DefaultArgumentsDecorator object at 0x779f30405a20>, verb_extension=<colcon_core.verb.build.BuildVerb object at 0x779f304055d0>, main=<bound method BuildVerb.main of <colcon_core.verb.build.BuildVerb object at 0x779f304055d0>>)
[0.198s] Level 1:colcon.colcon_core.package_discovery:discover_packages(colcon_meta) check parameters
[0.198s] Level 1:colcon.colcon_core.package_discovery:discover_packages(recursive) check parameters
[0.198s] Level 1:colcon.colcon_core.package_discovery:discover_packages(ignore) check parameters
[0.198s] Level 1:colcon.colcon_core.package_discovery:discover_packages(path) check parameters
[0.198s] Level 1:colcon.colcon_core.package_discovery:discover_packages(colcon_meta) discover
[0.198s] Level 1:colcon.colcon_core.package_discovery:discover_packages(recursive) discover
[0.198s] INFO:colcon.colcon_core.package_discovery:Crawling recursively for packages in '/home/y/Project/unitree_Go2/Go2_deploy'
[0.198s] Level 1:colcon.colcon_core.package_identification:_identify(.) by extensions ['ignore', 'ignore_ament_install']
[0.198s] Level 1:colcon.colcon_core.package_identification:_identify(.) by extension 'ignore'
[0.198s] Level 1:colcon.colcon_core.package_identification:_identify(.) by extension 'ignore_ament_install'
[0.199s] Level 1:colcon.colcon_core.package_identification:_identify(.) by extensions ['colcon_pkg']
[0.199s] Level 1:colcon.colcon_core.package_identification:_identify(.) by extension 'colcon_pkg'
[0.199s] Level 1:colcon.colcon_core.package_identification:_identify(.) by extensions ['colcon_meta']
[0.199s] Level 1:colcon.colcon_core.package_identification:_identify(.) by extension 'colcon_meta'
[0.199s] Level 1:colcon.colcon_core.package_identification:_identify(.) by extensions ['ros']
[0.199s] Level 1:colcon.colcon_core.package_identification:_identify(.) by extension 'ros'
[0.206s] Level 1:colcon.colcon_core.package_identification:_identify(.) by extensions ['cmake', 'python']
[0.206s] Level 1:colcon.colcon_core.package_identification:_identify(.) by extension 'cmake'
[0.206s] Level 1:colcon.colcon_core.package_identification:_identify(.) by extension 'python'
[0.206s] Level 1:colcon.colcon_core.package_identification:_identify(.) by extensions ['python_setup_py']
[0.206s] Level 1:colcon.colcon_core.package_identification:_identify(.) by extension 'python_setup_py'
[0.207s] Level 1:colcon.colcon_core.package_identification:_identify(build) by extensions ['ignore', 'ignore_ament_install']
[0.207s] Level 1:colcon.colcon_core.package_identification:_identify(build) by extension 'ignore'
[0.207s] Level 1:colcon.colcon_core.package_identification:_identify(build) ignored
[0.207s] Level 1:colcon.colcon_core.package_identification:_identify(install) by extensions ['ignore', 'ignore_ament_install']
[0.207s] Level 1:colcon.colcon_core.package_identification:_identify(install) by extension 'ignore'
[0.207s] Level 1:colcon.colcon_core.package_identification:_identify(install) ignored
[0.207s] Level 1:colcon.colcon_core.package_identification:_identify(log) by extensions ['ignore', 'ignore_ament_install']
[0.207s] Level 1:colcon.colcon_core.package_identification:_identify(log) by extension 'ignore'
[0.207s] Level 1:colcon.colcon_core.package_identification:_identify(log) ignored
[0.207s] Level 1:colcon.colcon_core.package_identification:_identify(rl_sar) by extensions ['ignore', 'ignore_ament_install']
[0.207s] Level 1:colcon.colcon_core.package_identification:_identify(rl_sar) by extension 'ignore'
[0.207s] Level 1:colcon.colcon_core.package_identification:_identify(rl_sar) by extension 'ignore_ament_install'
[0.207s] Level 1:colcon.colcon_core.package_identification:_identify(rl_sar) by extensions ['colcon_pkg']
[0.207s] Level 1:colcon.colcon_core.package_identification:_identify(rl_sar) by extension 'colcon_pkg'
[0.207s] Level 1:colcon.colcon_core.package_identification:_identify(rl_sar) by extensions ['colcon_meta']
[0.207s] Level 1:colcon.colcon_core.package_identification:_identify(rl_sar) by extension 'colcon_meta'
[0.207s] Level 1:colcon.colcon_core.package_identification:_identify(rl_sar) by extensions ['ros']
[0.207s] Level 1:colcon.colcon_core.package_identification:_identify(rl_sar) by extension 'ros'
[0.207s] Level 1:colcon.colcon_core.package_identification:_identify(rl_sar) by extensions ['cmake', 'python']
[0.207s] Level 1:colcon.colcon_core.package_identification:_identify(rl_sar) by extension 'cmake'
[0.207s] Level 1:colcon.colcon_core.package_identification:_identify(rl_sar) by extension 'python'
[0.207s] Level 1:colcon.colcon_core.package_identification:_identify(rl_sar) by extensions ['python_setup_py']
[0.207s] Level 1:colcon.colcon_core.package_identification:_identify(rl_sar) by extension 'python_setup_py'
[0.208s] Level 1:colcon.colcon_core.package_identification:_identify(rl_sar/log) by extensions ['ignore', 'ignore_ament_install']
[0.208s] Level 1:colcon.colcon_core.package_identification:_identify(rl_sar/log) by extension 'ignore'
[0.208s] Level 1:colcon.colcon_core.package_identification:_identify(rl_sar/log) ignored
[0.208s] Level 1:colcon.colcon_core.package_identification:_identify(rl_sar/src) by extensions ['ignore', 'ignore_ament_install']
[0.208s] Level 1:colcon.colcon_core.package_identification:_identify(rl_sar/src) by extension 'ignore'
[0.208s] Level 1:colcon.colcon_core.package_identification:_identify(rl_sar/src) by extension 'ignore_ament_install'
[0.208s] Level 1:colcon.colcon_core.package_identification:_identify(rl_sar/src) by extensions ['colcon_pkg']
[0.208s] Level 1:colcon.colcon_core.package_identification:_identify(rl_sar/src) by extension 'colcon_pkg'
[0.208s] Level 1:colcon.colcon_core.package_identification:_identify(rl_sar/src) by extensions ['colcon_meta']
[0.208s] Level 1:colcon.colcon_core.package_identification:_identify(rl_sar/src) by extension 'colcon_meta'
[0.208s] Level 1:colcon.colcon_core.package_identification:_identify(rl_sar/src) by extensions ['ros']
[0.208s] Level 1:colcon.colcon_core.package_identification:_identify(rl_sar/src) by extension 'ros'
[0.208s] Level 1:colcon.colcon_core.package_identification:_identify(rl_sar/src) by extensions ['cmake', 'python']
[0.208s] Level 1:colcon.colcon_core.package_identification:_identify(rl_sar/src) by extension 'cmake'
[0.208s] Level 1:colcon.colcon_core.package_identification:_identify(rl_sar/src) by extension 'python'
[0.208s] Level 1:colcon.colcon_core.package_identification:_identify(rl_sar/src) by extensions ['python_setup_py']
[0.208s] Level 1:colcon.colcon_core.package_identification:_identify(rl_sar/src) by extension 'python_setup_py'
[0.208s] Level 1:colcon.colcon_core.package_identification:_identify(rl_sar/src/rl_sar) by extensions ['ignore', 'ignore_ament_install']
[0.208s] Level 1:colcon.colcon_core.package_identification:_identify(rl_sar/src/rl_sar) by extension 'ignore'
[0.208s] Level 1:colcon.colcon_core.package_identification:_identify(rl_sar/src/rl_sar) by extension 'ignore_ament_install'
[0.208s] Level 1:colcon.colcon_core.package_identification:_identify(rl_sar/src/rl_sar) by extensions ['colcon_pkg']
[0.208s] Level 1:colcon.colcon_core.package_identification:_identify(rl_sar/src/rl_sar) by extension 'colcon_pkg'
[0.208s] Level 1:colcon.colcon_core.package_identification:_identify(rl_sar/src/rl_sar) by extensions ['colcon_meta']
[0.208s] Level 1:colcon.colcon_core.package_identification:_identify(rl_sar/src/rl_sar) by extension 'colcon_meta'
[0.208s] Level 1:colcon.colcon_core.package_identification:_identify(rl_sar/src/rl_sar) by extensions ['ros']
[0.208s] Level 1:colcon.colcon_core.package_identification:_identify(rl_sar/src/rl_sar) by extension 'ros'
[0.210s] DEBUG:colcon.colcon_core.package_identification:Package 'rl_sar/src/rl_sar' with type 'ros.ament_cmake' and name 'rl_sar'
[0.211s] Level 1:colcon.colcon_core.package_identification:_identify(rl_sar/src/robot_joint_controller) by extensions ['ignore', 'ignore_ament_install']
[0.211s] Level 1:colcon.colcon_core.package_identification:_identify(rl_sar/src/robot_joint_controller) by extension 'ignore'
[0.211s] Level 1:colcon.colcon_core.package_identification:_identify(rl_sar/src/robot_joint_controller) by extension 'ignore_ament_install'
[0.211s] Level 1:colcon.colcon_core.package_identification:_identify(rl_sar/src/robot_joint_controller) by extensions ['colcon_pkg']
[0.211s] Level 1:colcon.colcon_core.package_identification:_identify(rl_sar/src/robot_joint_controller) by extension 'colcon_pkg'
[0.211s] Level 1:colcon.colcon_core.package_identification:_identify(rl_sar/src/robot_joint_controller) by extensions ['colcon_meta']
[0.211s] Level 1:colcon.colcon_core.package_identification:_identify(rl_sar/src/robot_joint_controller) by extension 'colcon_meta'
[0.211s] Level 1:colcon.colcon_core.package_identification:_identify(rl_sar/src/robot_joint_controller) by extensions ['ros']
[0.211s] Level 1:colcon.colcon_core.package_identification:_identify(rl_sar/src/robot_joint_controller) by extension 'ros'
[0.212s] DEBUG:colcon.colcon_core.package_identification:Package 'rl_sar/src/robot_joint_controller' with type 'ros.ament_cmake' and name 'robot_joint_controller'
[0.212s] Level 1:colcon.colcon_core.package_identification:_identify(rl_sar/src/robot_msgs) by extensions ['ignore', 'ignore_ament_install']
[0.212s] Level 1:colcon.colcon_core.package_identification:_identify(rl_sar/src/robot_msgs) by extension 'ignore'
[0.212s] Level 1:colcon.colcon_core.package_identification:_identify(rl_sar/src/robot_msgs) by extension 'ignore_ament_install'
[0.212s] Level 1:colcon.colcon_core.package_identification:_identify(rl_sar/src/robot_msgs) by extensions ['colcon_pkg']
[0.212s] Level 1:colcon.colcon_core.package_identification:_identify(rl_sar/src/robot_msgs) by extension 'colcon_pkg'
[0.212s] Level 1:colcon.colcon_core.package_identification:_identify(rl_sar/src/robot_msgs) by extensions ['colcon_meta']
[0.212s] Level 1:colcon.colcon_core.package_identification:_identify(rl_sar/src/robot_msgs) by extension 'colcon_meta'
[0.212s] Level 1:colcon.colcon_core.package_identification:_identify(rl_sar/src/robot_msgs) by extensions ['ros']
[0.212s] Level 1:colcon.colcon_core.package_identification:_identify(rl_sar/src/robot_msgs) by extension 'ros'
[0.212s] DEBUG:colcon.colcon_core.package_identification:Package 'rl_sar/src/robot_msgs' with type 'ros.ament_cmake' and name 'robot_msgs'
[0.212s] Level 1:colcon.colcon_core.package_identification:_identify(rl_sar/src/robots) by extensions ['ignore', 'ignore_ament_install']
[0.212s] Level 1:colcon.colcon_core.package_identification:_identify(rl_sar/src/robots) by extension 'ignore'
[0.212s] Level 1:colcon.colcon_core.package_identification:_identify(rl_sar/src/robots) by extension 'ignore_ament_install'
[0.212s] Level 1:colcon.colcon_core.package_identification:_identify(rl_sar/src/robots) by extensions ['colcon_pkg']
[0.212s] Level 1:colcon.colcon_core.package_identification:_identify(rl_sar/src/robots) by extension 'colcon_pkg'
[0.212s] Level 1:colcon.colcon_core.package_identification:_identify(rl_sar/src/robots) by extensions ['colcon_meta']
[0.213s] Level 1:colcon.colcon_core.package_identification:_identify(rl_sar/src/robots) by extension 'colcon_meta'
[0.213s] Level 1:colcon.colcon_core.package_identification:_identify(rl_sar/src/robots) by extensions ['ros']
[0.213s] Level 1:colcon.colcon_core.package_identification:_identify(rl_sar/src/robots) by extension 'ros'
[0.213s] Level 1:colcon.colcon_core.package_identification:_identify(rl_sar/src/robots) by extensions ['cmake', 'python']
[0.213s] Level 1:colcon.colcon_core.package_identification:_identify(rl_sar/src/robots) by extension 'cmake'
[0.213s] Level 1:colcon.colcon_core.package_identification:_identify(rl_sar/src/robots) by extension 'python'
[0.213s] Level 1:colcon.colcon_core.package_identification:_identify(rl_sar/src/robots) by extensions ['python_setup_py']
[0.213s] Level 1:colcon.colcon_core.package_identification:_identify(rl_sar/src/robots) by extension 'python_setup_py'
[0.213s] Level 1:colcon.colcon_core.package_identification:_identify(rl_sar/src/robots/a1_description) by extensions ['ignore', 'ignore_ament_install']
[0.213s] Level 1:colcon.colcon_core.package_identification:_identify(rl_sar/src/robots/a1_description) by extension 'ignore'
[0.213s] Level 1:colcon.colcon_core.package_identification:_identify(rl_sar/src/robots/a1_description) by extension 'ignore_ament_install'
[0.213s] Level 1:colcon.colcon_core.package_identification:_identify(rl_sar/src/robots/a1_description) by extensions ['colcon_pkg']
[0.213s] Level 1:colcon.colcon_core.package_identification:_identify(rl_sar/src/robots/a1_description) by extension 'colcon_pkg'
[0.213s] Level 1:colcon.colcon_core.package_identification:_identify(rl_sar/src/robots/a1_description) by extensions ['colcon_meta']
[0.213s] Level 1:colcon.colcon_core.package_identification:_identify(rl_sar/src/robots/a1_description) by extension 'colcon_meta'
[0.213s] Level 1:colcon.colcon_core.package_identification:_identify(rl_sar/src/robots/a1_description) by extensions ['ros']
[0.213s] Level 1:colcon.colcon_core.package_identification:_identify(rl_sar/src/robots/a1_description) by extension 'ros'
[0.214s] DEBUG:colcon.colcon_core.package_identification:Package 'rl_sar/src/robots/a1_description' with type 'ros.ament_cmake' and name 'a1_description'
[0.214s] Level 1:colcon.colcon_core.package_identification:_identify(rl_sar/src/robots/go2_description) by extensions ['ignore', 'ignore_ament_install']
[0.214s] Level 1:colcon.colcon_core.package_identification:_identify(rl_sar/src/robots/go2_description) by extension 'ignore'
[0.214s] Level 1:colcon.colcon_core.package_identification:_identify(rl_sar/src/robots/go2_description) by extension 'ignore_ament_install'
[0.214s] Level 1:colcon.colcon_core.package_identification:_identify(rl_sar/src/robots/go2_description) by extensions ['colcon_pkg']
[0.214s] Level 1:colcon.colcon_core.package_identification:_identify(rl_sar/src/robots/go2_description) by extension 'colcon_pkg'
[0.214s] Level 1:colcon.colcon_core.package_identification:_identify(rl_sar/src/robots/go2_description) by extensions ['colcon_meta']
[0.214s] Level 1:colcon.colcon_core.package_identification:_identify(rl_sar/src/robots/go2_description) by extension 'colcon_meta'
[0.214s] Level 1:colcon.colcon_core.package_identification:_identify(rl_sar/src/robots/go2_description) by extensions ['ros']
[0.214s] Level 1:colcon.colcon_core.package_identification:_identify(rl_sar/src/robots/go2_description) by extension 'ros'
[0.214s] DEBUG:colcon.colcon_core.package_identification:Package 'rl_sar/src/robots/go2_description' with type 'ros.ament_cmake' and name 'go2_description'
[0.214s] Level 1:colcon.colcon_core.package_discovery:discover_packages(recursive) using defaults
[0.214s] Level 1:colcon.colcon_core.package_discovery:discover_packages(ignore) discover
[0.214s] Level 1:colcon.colcon_core.package_discovery:discover_packages(ignore) using defaults
[0.214s] Level 1:colcon.colcon_core.package_discovery:discover_packages(path) discover
[0.214s] Level 1:colcon.colcon_core.package_discovery:discover_packages(path) using defaults
[0.235s] Level 1:colcon.colcon_core.package_discovery:discover_packages(prefix_path) check parameters
[0.235s] Level 1:colcon.colcon_core.package_discovery:discover_packages(prefix_path) discover
[0.237s] DEBUG:colcon.colcon_installed_package_information.package_discovery:Found 354 installed packages in /opt/ros/humble
[0.238s] Level 1:colcon.colcon_core.package_discovery:discover_packages(prefix_path) using defaults
[0.269s] Level 5:colcon.colcon_core.verb:set package 'a1_description' build argument 'cmake_args' from command line to 'None'
[0.269s] Level 5:colcon.colcon_core.verb:set package 'a1_description' build argument 'cmake_target' from command line to 'None'
[0.269s] Level 5:colcon.colcon_core.verb:set package 'a1_description' build argument 'cmake_target_skip_unavailable' from command line to 'False'
[0.269s] Level 5:colcon.colcon_core.verb:set package 'a1_description' build argument 'cmake_clean_cache' from command line to 'False'
[0.269s] Level 5:colcon.colcon_core.verb:set package 'a1_description' build argument 'cmake_clean_first' from command line to 'False'
[0.269s] Level 5:colcon.colcon_core.verb:set package 'a1_description' build argument 'cmake_force_configure' from command line to 'False'
[0.269s] Level 5:colcon.colcon_core.verb:set package 'a1_description' build argument 'ament_cmake_args' from command line to 'None'
[0.269s] Level 5:colcon.colcon_core.verb:set package 'a1_description' build argument 'catkin_cmake_args' from command line to 'None'
[0.269s] Level 5:colcon.colcon_core.verb:set package 'a1_description' build argument 'catkin_skip_building_tests' from command line to 'False'
[0.269s] DEBUG:colcon.colcon_core.verb:Building package 'a1_description' with the following arguments: {'ament_cmake_args': None, 'build_base': '/home/y/Project/unitree_Go2/Go2_deploy/build/a1_description', 'catkin_cmake_args': None, 'catkin_skip_building_tests': False, 'cmake_args': None, 'cmake_clean_cache': False, 'cmake_clean_first': False, 'cmake_force_configure': False, 'cmake_target': None, 'cmake_target_skip_unavailable': False, 'install_base': '/home/y/Project/unitree_Go2/Go2_deploy/install', 'merge_install': True, 'path': '/home/y/Project/unitree_Go2/Go2_deploy/rl_sar/src/robots/a1_description', 'symlink_install': True, 'test_result_base': None}
[0.269s] Level 5:colcon.colcon_core.verb:set package 'go2_description' build argument 'cmake_args' from command line to 'None'
[0.269s] Level 5:colcon.colcon_core.verb:set package 'go2_description' build argument 'cmake_target' from command line to 'None'
[0.269s] Level 5:colcon.colcon_core.verb:set package 'go2_description' build argument 'cmake_target_skip_unavailable' from command line to 'False'
[0.269s] Level 5:colcon.colcon_core.verb:set package 'go2_description' build argument 'cmake_clean_cache' from command line to 'False'
[0.269s] Level 5:colcon.colcon_core.verb:set package 'go2_description' build argument 'cmake_clean_first' from command line to 'False'
[0.269s] Level 5:colcon.colcon_core.verb:set package 'go2_description' build argument 'cmake_force_configure' from command line to 'False'
[0.269s] Level 5:colcon.colcon_core.verb:set package 'go2_description' build argument 'ament_cmake_args' from command line to 'None'
[0.269s] Level 5:colcon.colcon_core.verb:set package 'go2_description' build argument 'catkin_cmake_args' from command line to 'None'
[0.269s] Level 5:colcon.colcon_core.verb:set package 'go2_description' build argument 'catkin_skip_building_tests' from command line to 'False'
[0.269s] DEBUG:colcon.colcon_core.verb:Building package 'go2_description' with the following arguments: {'ament_cmake_args': None, 'build_base': '/home/y/Project/unitree_Go2/Go2_deploy/build/go2_description', 'catkin_cmake_args': None, 'catkin_skip_building_tests': False, 'cmake_args': None, 'cmake_clean_cache': False, 'cmake_clean_first': False, 'cmake_force_configure': False, 'cmake_target': None, 'cmake_target_skip_unavailable': False, 'install_base': '/home/y/Project/unitree_Go2/Go2_deploy/install', 'merge_install': True, 'path': '/home/y/Project/unitree_Go2/Go2_deploy/rl_sar/src/robots/go2_description', 'symlink_install': True, 'test_result_base': None}
[0.270s] Level 5:colcon.colcon_core.verb:set package 'robot_msgs' build argument 'cmake_args' from command line to 'None'
[0.270s] Level 5:colcon.colcon_core.verb:set package 'robot_msgs' build argument 'cmake_target' from command line to 'None'
[0.270s] Level 5:colcon.colcon_core.verb:set package 'robot_msgs' build argument 'cmake_target_skip_unavailable' from command line to 'False'
[0.270s] Level 5:colcon.colcon_core.verb:set package 'robot_msgs' build argument 'cmake_clean_cache' from command line to 'False'
[0.270s] Level 5:colcon.colcon_core.verb:set package 'robot_msgs' build argument 'cmake_clean_first' from command line to 'False'
[0.270s] Level 5:colcon.colcon_core.verb:set package 'robot_msgs' build argument 'cmake_force_configure' from command line to 'False'
[0.270s] Level 5:colcon.colcon_core.verb:set package 'robot_msgs' build argument 'ament_cmake_args' from command line to 'None'
[0.270s] Level 5:colcon.colcon_core.verb:set package 'robot_msgs' build argument 'catkin_cmake_args' from command line to 'None'
[0.270s] Level 5:colcon.colcon_core.verb:set package 'robot_msgs' build argument 'catkin_skip_building_tests' from command line to 'False'
[0.270s] DEBUG:colcon.colcon_core.verb:Building package 'robot_msgs' with the following arguments: {'ament_cmake_args': None, 'build_base': '/home/y/Project/unitree_Go2/Go2_deploy/build/robot_msgs', 'catkin_cmake_args': None, 'catkin_skip_building_tests': False, 'cmake_args': None, 'cmake_clean_cache': False, 'cmake_clean_first': False, 'cmake_force_configure': False, 'cmake_target': None, 'cmake_target_skip_unavailable': False, 'install_base': '/home/y/Project/unitree_Go2/Go2_deploy/install', 'merge_install': True, 'path': '/home/y/Project/unitree_Go2/Go2_deploy/rl_sar/src/robot_msgs', 'symlink_install': True, 'test_result_base': None}
[0.270s] Level 5:colcon.colcon_core.verb:set package 'robot_joint_controller' build argument 'cmake_args' from command line to 'None'
[0.270s] Level 5:colcon.colcon_core.verb:set package 'robot_joint_controller' build argument 'cmake_target' from command line to 'None'
[0.270s] Level 5:colcon.colcon_core.verb:set package 'robot_joint_controller' build argument 'cmake_target_skip_unavailable' from command line to 'False'
[0.270s] Level 5:colcon.colcon_core.verb:set package 'robot_joint_controller' build argument 'cmake_clean_cache' from command line to 'False'
[0.270s] Level 5:colcon.colcon_core.verb:set package 'robot_joint_controller' build argument 'cmake_clean_first' from command line to 'False'
[0.270s] Level 5:colcon.colcon_core.verb:set package 'robot_joint_controller' build argument 'cmake_force_configure' from command line to 'False'
[0.270s] Level 5:colcon.colcon_core.verb:set package 'robot_joint_controller' build argument 'ament_cmake_args' from command line to 'None'
[0.270s] Level 5:colcon.colcon_core.verb:set package 'robot_joint_controller' build argument 'catkin_cmake_args' from command line to 'None'
[0.270s] Level 5:colcon.colcon_core.verb:set package 'robot_joint_controller' build argument 'catkin_skip_building_tests' from command line to 'False'
[0.270s] DEBUG:colcon.colcon_core.verb:Building package 'robot_joint_controller' with the following arguments: {'ament_cmake_args': None, 'build_base': '/home/y/Project/unitree_Go2/Go2_deploy/build/robot_joint_controller', 'catkin_cmake_args': None, 'catkin_skip_building_tests': False, 'cmake_args': None, 'cmake_clean_cache': False, 'cmake_clean_first': False, 'cmake_force_configure': False, 'cmake_target': None, 'cmake_target_skip_unavailable': False, 'install_base': '/home/y/Project/unitree_Go2/Go2_deploy/install', 'merge_install': True, 'path': '/home/y/Project/unitree_Go2/Go2_deploy/rl_sar/src/robot_joint_controller', 'symlink_install': True, 'test_result_base': None}
[0.270s] Level 5:colcon.colcon_core.verb:set package 'rl_sar' build argument 'cmake_args' from command line to 'None'
[0.270s] Level 5:colcon.colcon_core.verb:set package 'rl_sar' build argument 'cmake_target' from command line to 'None'
[0.270s] Level 5:colcon.colcon_core.verb:set package 'rl_sar' build argument 'cmake_target_skip_unavailable' from command line to 'False'
[0.270s] Level 5:colcon.colcon_core.verb:set package 'rl_sar' build argument 'cmake_clean_cache' from command line to 'False'
[0.270s] Level 5:colcon.colcon_core.verb:set package 'rl_sar' build argument 'cmake_clean_first' from command line to 'False'
[0.270s] Level 5:colcon.colcon_core.verb:set package 'rl_sar' build argument 'cmake_force_configure' from command line to 'False'
[0.270s] Level 5:colcon.colcon_core.verb:set package 'rl_sar' build argument 'ament_cmake_args' from command line to 'None'
[0.270s] Level 5:colcon.colcon_core.verb:set package 'rl_sar' build argument 'catkin_cmake_args' from command line to 'None'
[0.271s] Level 5:colcon.colcon_core.verb:set package 'rl_sar' build argument 'catkin_skip_building_tests' from command line to 'False'
[0.271s] DEBUG:colcon.colcon_core.verb:Building package 'rl_sar' with the following arguments: {'ament_cmake_args': None, 'build_base': '/home/y/Project/unitree_Go2/Go2_deploy/build/rl_sar', 'catkin_cmake_args': None, 'catkin_skip_building_tests': False, 'cmake_args': None, 'cmake_clean_cache': False, 'cmake_clean_first': False, 'cmake_force_configure': False, 'cmake_target': None, 'cmake_target_skip_unavailable': False, 'install_base': '/home/y/Project/unitree_Go2/Go2_deploy/install', 'merge_install': True, 'path': '/home/y/Project/unitree_Go2/Go2_deploy/rl_sar/src/rl_sar', 'symlink_install': True, 'test_result_base': None}
[0.271s] INFO:colcon.colcon_core.executor:Executing jobs using 'parallel' executor
[0.271s] DEBUG:colcon.colcon_parallel_executor.executor.parallel:run_until_complete
[0.271s] INFO:colcon.colcon_ros.task.ament_cmake.build:Building ROS package in '/home/y/Project/unitree_Go2/Go2_deploy/rl_sar/src/robot_msgs' with build type 'ament_cmake'
[0.272s] INFO:colcon.colcon_cmake.task.cmake.build:Building CMake package in '/home/y/Project/unitree_Go2/Go2_deploy/rl_sar/src/robot_msgs'
[0.273s] INFO:colcon.colcon_core.plugin_system:Skipping extension 'colcon_core.shell.bat': Not used on non-Windows systems
[0.273s] INFO:colcon.colcon_core.shell:Skip shell extension 'powershell' for command environment: Not usable outside of PowerShell
[0.273s] DEBUG:colcon.colcon_core.shell:Skip shell extension 'dsv' for command environment
[0.276s] INFO:colcon.colcon_ros.task.ament_cmake.build:Building ROS package in '/home/y/Project/unitree_Go2/Go2_deploy/rl_sar/src/robots/a1_description' with build type 'ament_cmake'
[0.276s] INFO:colcon.colcon_cmake.task.cmake.build:Building CMake package in '/home/y/Project/unitree_Go2/Go2_deploy/rl_sar/src/robots/a1_description'
[0.276s] INFO:colcon.colcon_core.shell:Skip shell extension 'powershell' for command environment: Not usable outside of PowerShell
[0.276s] DEBUG:colcon.colcon_core.shell:Skip shell extension 'dsv' for command environment
[0.278s] INFO:colcon.colcon_ros.task.ament_cmake.build:Building ROS package in '/home/y/Project/unitree_Go2/Go2_deploy/rl_sar/src/robots/go2_description' with build type 'ament_cmake'
[0.278s] INFO:colcon.colcon_cmake.task.cmake.build:Building CMake package in '/home/y/Project/unitree_Go2/Go2_deploy/rl_sar/src/robots/go2_description'
[0.278s] INFO:colcon.colcon_core.shell:Skip shell extension 'powershell' for command environment: Not usable outside of PowerShell
[0.278s] DEBUG:colcon.colcon_core.shell:Skip shell extension 'dsv' for command environment
[0.284s] DEBUG:colcon.colcon_core.event_handler.log_command:Invoking command in '/home/y/Project/unitree_Go2/Go2_deploy/build/robot_msgs': CMAKE_PREFIX_PATH=/opt/ros/humble /usr/bin/cmake --build /home/y/Project/unitree_Go2/Go2_deploy/build/robot_msgs -- -j16 -l16
[0.286s] DEBUG:colcon.colcon_core.event_handler.log_command:Invoking command in '/home/y/Project/unitree_Go2/Go2_deploy/build/a1_description': CMAKE_PREFIX_PATH=/opt/ros/humble /usr/bin/cmake --build /home/y/Project/unitree_Go2/Go2_deploy/build/a1_description -- -j16 -l16
[0.289s] DEBUG:colcon.colcon_core.event_handler.log_command:Invoking command in '/home/y/Project/unitree_Go2/Go2_deploy/build/go2_description': CMAKE_PREFIX_PATH=/opt/ros/humble /usr/bin/cmake --build /home/y/Project/unitree_Go2/Go2_deploy/build/go2_description -- -j16 -l16
[0.318s] DEBUG:colcon.colcon_core.event_handler.log_command:Invoked command in '/home/y/Project/unitree_Go2/Go2_deploy/build/a1_description' returned '0': CMAKE_PREFIX_PATH=/opt/ros/humble /usr/bin/cmake --build /home/y/Project/unitree_Go2/Go2_deploy/build/a1_description -- -j16 -l16
[0.327s] DEBUG:colcon.colcon_core.event_handler.log_command:Invoking command in '/home/y/Project/unitree_Go2/Go2_deploy/build/a1_description': CMAKE_PREFIX_PATH=/opt/ros/humble /usr/bin/cmake --install /home/y/Project/unitree_Go2/Go2_deploy/build/a1_description
[0.328s] DEBUG:colcon.colcon_core.event_handler.log_command:Invoked command in '/home/y/Project/unitree_Go2/Go2_deploy/build/go2_description' returned '0': CMAKE_PREFIX_PATH=/opt/ros/humble /usr/bin/cmake --build /home/y/Project/unitree_Go2/Go2_deploy/build/go2_description -- -j16 -l16
[0.329s] DEBUG:colcon.colcon_core.event_handler.log_command:Invoking command in '/home/y/Project/unitree_Go2/Go2_deploy/build/go2_description': CMAKE_PREFIX_PATH=/opt/ros/humble /usr/bin/cmake --install /home/y/Project/unitree_Go2/Go2_deploy/build/go2_description
[0.349s] Level 1:colcon.colcon_core.environment:create_environment_scripts_only(a1_description)
[0.349s] DEBUG:colcon.colcon_core.event_handler.log_command:Invoked command in '/home/y/Project/unitree_Go2/Go2_deploy/build/a1_description' returned '0': CMAKE_PREFIX_PATH=/opt/ros/humble /usr/bin/cmake --install /home/y/Project/unitree_Go2/Go2_deploy/build/a1_description
[0.351s] Level 1:colcon.colcon_core.environment:checking '/home/y/Project/unitree_Go2/Go2_deploy/install' for CMake module files
[0.351s] Level 1:colcon.colcon_core.environment:checking '/home/y/Project/unitree_Go2/Go2_deploy/install' for CMake config files
[0.353s] Level 1:colcon.colcon_core.shell:create_environment_hook('a1_description', 'cmake_prefix_path')
[0.353s] INFO:colcon.colcon_core.shell:Creating environment hook '/home/y/Project/unitree_Go2/Go2_deploy/install/share/a1_description/hook/cmake_prefix_path.ps1'
[0.353s] INFO:colcon.colcon_core.shell:Creating environment descriptor '/home/y/Project/unitree_Go2/Go2_deploy/install/share/a1_description/hook/cmake_prefix_path.dsv'
[0.354s] INFO:colcon.colcon_core.shell:Creating environment hook '/home/y/Project/unitree_Go2/Go2_deploy/install/share/a1_description/hook/cmake_prefix_path.sh'
[0.354s] Level 1:colcon.colcon_core.environment:checking '/home/y/Project/unitree_Go2/Go2_deploy/install/lib'
[0.354s] Level 1:colcon.colcon_core.shell:create_environment_hook('a1_description', 'ld_library_path_lib')
[0.355s] INFO:colcon.colcon_core.shell:Creating environment hook '/home/y/Project/unitree_Go2/Go2_deploy/install/share/a1_description/hook/ld_library_path_lib.ps1'
[0.355s] INFO:colcon.colcon_core.shell:Creating environment descriptor '/home/y/Project/unitree_Go2/Go2_deploy/install/share/a1_description/hook/ld_library_path_lib.dsv'
[0.355s] INFO:colcon.colcon_core.shell:Creating environment hook '/home/y/Project/unitree_Go2/Go2_deploy/install/share/a1_description/hook/ld_library_path_lib.sh'
[0.355s] Level 1:colcon.colcon_core.environment:checking '/home/y/Project/unitree_Go2/Go2_deploy/install/bin'
[0.355s] Level 1:colcon.colcon_core.environment:checking '/home/y/Project/unitree_Go2/Go2_deploy/install/lib/pkgconfig/a1_description.pc'
[0.356s] Level 1:colcon.colcon_core.environment:checking '/home/y/Project/unitree_Go2/Go2_deploy/install/lib/python3.10/site-packages'
[0.356s] Level 1:colcon.colcon_core.environment:checking '/home/y/Project/unitree_Go2/Go2_deploy/install/bin'
[0.356s] INFO:colcon.colcon_core.shell:Creating package script '/home/y/Project/unitree_Go2/Go2_deploy/install/share/a1_description/package.ps1'
[0.356s] INFO:colcon.colcon_core.shell:Creating package descriptor '/home/y/Project/unitree_Go2/Go2_deploy/install/share/a1_description/package.dsv'
[0.357s] INFO:colcon.colcon_core.shell:Creating package script '/home/y/Project/unitree_Go2/Go2_deploy/install/share/a1_description/package.sh'
[0.357s] INFO:colcon.colcon_core.shell:Creating package script '/home/y/Project/unitree_Go2/Go2_deploy/install/share/a1_description/package.bash'
[0.358s] INFO:colcon.colcon_core.shell:Creating package script '/home/y/Project/unitree_Go2/Go2_deploy/install/share/a1_description/package.zsh'
[0.358s] Level 1:colcon.colcon_core.environment:create_file_with_runtime_dependencies(/home/y/Project/unitree_Go2/Go2_deploy/install/share/colcon-core/packages/a1_description)
[0.359s] Level 1:colcon.colcon_core.environment:create_environment_scripts_only(a1_description)
[0.359s] Level 1:colcon.colcon_core.environment:checking '/home/y/Project/unitree_Go2/Go2_deploy/install' for CMake module files
[0.359s] Level 1:colcon.colcon_core.environment:checking '/home/y/Project/unitree_Go2/Go2_deploy/install' for CMake config files
[0.360s] Level 1:colcon.colcon_core.shell:create_environment_hook('a1_description', 'cmake_prefix_path')
[0.361s] INFO:colcon.colcon_core.shell:Creating environment hook '/home/y/Project/unitree_Go2/Go2_deploy/install/share/a1_description/hook/cmake_prefix_path.ps1'
[0.361s] INFO:colcon.colcon_core.shell:Creating environment descriptor '/home/y/Project/unitree_Go2/Go2_deploy/install/share/a1_description/hook/cmake_prefix_path.dsv'
[0.361s] INFO:colcon.colcon_core.shell:Creating environment hook '/home/y/Project/unitree_Go2/Go2_deploy/install/share/a1_description/hook/cmake_prefix_path.sh'
[0.362s] Level 1:colcon.colcon_core.environment:checking '/home/y/Project/unitree_Go2/Go2_deploy/install/lib'
[0.362s] Level 1:colcon.colcon_core.shell:create_environment_hook('a1_description', 'ld_library_path_lib')
[0.362s] INFO:colcon.colcon_core.shell:Creating environment hook '/home/y/Project/unitree_Go2/Go2_deploy/install/share/a1_description/hook/ld_library_path_lib.ps1'
[0.362s] INFO:colcon.colcon_core.shell:Creating environment descriptor '/home/y/Project/unitree_Go2/Go2_deploy/install/share/a1_description/hook/ld_library_path_lib.dsv'
[0.362s] INFO:colcon.colcon_core.shell:Creating environment hook '/home/y/Project/unitree_Go2/Go2_deploy/install/share/a1_description/hook/ld_library_path_lib.sh'
[0.363s] Level 1:colcon.colcon_core.environment:checking '/home/y/Project/unitree_Go2/Go2_deploy/install/bin'
[0.363s] Level 1:colcon.colcon_core.environment:checking '/home/y/Project/unitree_Go2/Go2_deploy/install/lib/pkgconfig/a1_description.pc'
[0.363s] Level 1:colcon.colcon_core.environment:checking '/home/y/Project/unitree_Go2/Go2_deploy/install/lib/python3.10/site-packages'
[0.363s] Level 1:colcon.colcon_core.environment:checking '/home/y/Project/unitree_Go2/Go2_deploy/install/bin'
[0.363s] INFO:colcon.colcon_core.shell:Creating package script '/home/y/Project/unitree_Go2/Go2_deploy/install/share/a1_description/package.ps1'
[0.364s] INFO:colcon.colcon_core.shell:Creating package descriptor '/home/y/Project/unitree_Go2/Go2_deploy/install/share/a1_description/package.dsv'
[0.364s] INFO:colcon.colcon_core.shell:Creating package script '/home/y/Project/unitree_Go2/Go2_deploy/install/share/a1_description/package.sh'
[0.364s] INFO:colcon.colcon_core.shell:Creating package script '/home/y/Project/unitree_Go2/Go2_deploy/install/share/a1_description/package.bash'
[0.364s] INFO:colcon.colcon_core.shell:Creating package script '/home/y/Project/unitree_Go2/Go2_deploy/install/share/a1_description/package.zsh'
[0.365s] Level 1:colcon.colcon_core.environment:create_file_with_runtime_dependencies(/home/y/Project/unitree_Go2/Go2_deploy/install/share/colcon-core/packages/a1_description)
[0.365s] Level 1:colcon.colcon_core.environment:create_environment_scripts_only(go2_description)
[0.365s] Level 1:colcon.colcon_core.environment:checking '/home/y/Project/unitree_Go2/Go2_deploy/install' for CMake module files
[0.366s] DEBUG:colcon.colcon_core.event_handler.log_command:Invoked command in '/home/y/Project/unitree_Go2/Go2_deploy/build/go2_description' returned '0': CMAKE_PREFIX_PATH=/opt/ros/humble /usr/bin/cmake --install /home/y/Project/unitree_Go2/Go2_deploy/build/go2_description
[0.366s] Level 1:colcon.colcon_core.environment:checking '/home/y/Project/unitree_Go2/Go2_deploy/install' for CMake config files
[0.367s] Level 1:colcon.colcon_core.shell:create_environment_hook('go2_description', 'cmake_prefix_path')
[0.368s] INFO:colcon.colcon_core.shell:Creating environment hook '/home/y/Project/unitree_Go2/Go2_deploy/install/share/go2_description/hook/cmake_prefix_path.ps1'
[0.368s] INFO:colcon.colcon_core.shell:Creating environment descriptor '/home/y/Project/unitree_Go2/Go2_deploy/install/share/go2_description/hook/cmake_prefix_path.dsv'
[0.368s] INFO:colcon.colcon_core.shell:Creating environment hook '/home/y/Project/unitree_Go2/Go2_deploy/install/share/go2_description/hook/cmake_prefix_path.sh'
[0.369s] Level 1:colcon.colcon_core.environment:checking '/home/y/Project/unitree_Go2/Go2_deploy/install/lib'
[0.369s] Level 1:colcon.colcon_core.shell:create_environment_hook('go2_description', 'ld_library_path_lib')
[0.369s] INFO:colcon.colcon_core.shell:Creating environment hook '/home/y/Project/unitree_Go2/Go2_deploy/install/share/go2_description/hook/ld_library_path_lib.ps1'
[0.369s] INFO:colcon.colcon_core.shell:Creating environment descriptor '/home/y/Project/unitree_Go2/Go2_deploy/install/share/go2_description/hook/ld_library_path_lib.dsv'
[0.369s] INFO:colcon.colcon_core.shell:Creating environment hook '/home/y/Project/unitree_Go2/Go2_deploy/install/share/go2_description/hook/ld_library_path_lib.sh'
[0.369s] Level 1:colcon.colcon_core.environment:checking '/home/y/Project/unitree_Go2/Go2_deploy/install/bin'
[0.369s] Level 1:colcon.colcon_core.environment:checking '/home/y/Project/unitree_Go2/Go2_deploy/install/lib/pkgconfig/go2_description.pc'
[0.370s] Level 1:colcon.colcon_core.environment:checking '/home/y/Project/unitree_Go2/Go2_deploy/install/lib/python3.10/site-packages'
[0.370s] Level 1:colcon.colcon_core.environment:checking '/home/y/Project/unitree_Go2/Go2_deploy/install/bin'
[0.370s] INFO:colcon.colcon_core.shell:Creating package script '/home/y/Project/unitree_Go2/Go2_deploy/install/share/go2_description/package.ps1'
[0.370s] INFO:colcon.colcon_core.shell:Creating package descriptor '/home/y/Project/unitree_Go2/Go2_deploy/install/share/go2_description/package.dsv'
[0.371s] INFO:colcon.colcon_core.shell:Creating package script '/home/y/Project/unitree_Go2/Go2_deploy/install/share/go2_description/package.sh'
[0.371s] INFO:colcon.colcon_core.shell:Creating package script '/home/y/Project/unitree_Go2/Go2_deploy/install/share/go2_description/package.bash'
[0.371s] INFO:colcon.colcon_core.shell:Creating package script '/home/y/Project/unitree_Go2/Go2_deploy/install/share/go2_description/package.zsh'
[0.372s] Level 1:colcon.colcon_core.environment:create_file_with_runtime_dependencies(/home/y/Project/unitree_Go2/Go2_deploy/install/share/colcon-core/packages/go2_description)
[0.372s] Level 1:colcon.colcon_core.environment:create_environment_scripts_only(go2_description)
[0.372s] Level 1:colcon.colcon_core.environment:checking '/home/y/Project/unitree_Go2/Go2_deploy/install' for CMake module files
[0.372s] Level 1:colcon.colcon_core.environment:checking '/home/y/Project/unitree_Go2/Go2_deploy/install' for CMake config files
[0.374s] Level 1:colcon.colcon_core.shell:create_environment_hook('go2_description', 'cmake_prefix_path')
[0.374s] INFO:colcon.colcon_core.shell:Creating environment hook '/home/y/Project/unitree_Go2/Go2_deploy/install/share/go2_description/hook/cmake_prefix_path.ps1'
[0.374s] INFO:colcon.colcon_core.shell:Creating environment descriptor '/home/y/Project/unitree_Go2/Go2_deploy/install/share/go2_description/hook/cmake_prefix_path.dsv'
[0.374s] INFO:colcon.colcon_core.shell:Creating environment hook '/home/y/Project/unitree_Go2/Go2_deploy/install/share/go2_description/hook/cmake_prefix_path.sh'
[0.375s] Level 1:colcon.colcon_core.environment:checking '/home/y/Project/unitree_Go2/Go2_deploy/install/lib'
[0.375s] Level 1:colcon.colcon_core.shell:create_environment_hook('go2_description', 'ld_library_path_lib')
[0.375s] INFO:colcon.colcon_core.shell:Creating environment hook '/home/y/Project/unitree_Go2/Go2_deploy/install/share/go2_description/hook/ld_library_path_lib.ps1'
[0.375s] INFO:colcon.colcon_core.shell:Creating environment descriptor '/home/y/Project/unitree_Go2/Go2_deploy/install/share/go2_description/hook/ld_library_path_lib.dsv'
[0.375s] INFO:colcon.colcon_core.shell:Creating environment hook '/home/y/Project/unitree_Go2/Go2_deploy/install/share/go2_description/hook/ld_library_path_lib.sh'
[0.376s] Level 1:colcon.colcon_core.environment:checking '/home/y/Project/unitree_Go2/Go2_deploy/install/bin'
[0.376s] Level 1:colcon.colcon_core.environment:checking '/home/y/Project/unitree_Go2/Go2_deploy/install/lib/pkgconfig/go2_description.pc'
[0.376s] Level 1:colcon.colcon_core.environment:checking '/home/y/Project/unitree_Go2/Go2_deploy/install/lib/python3.10/site-packages'
[0.376s] Level 1:colcon.colcon_core.environment:checking '/home/y/Project/unitree_Go2/Go2_deploy/install/bin'
[0.376s] INFO:colcon.colcon_core.shell:Creating package script '/home/y/Project/unitree_Go2/Go2_deploy/install/share/go2_description/package.ps1'
[0.376s] INFO:colcon.colcon_core.shell:Creating package descriptor '/home/y/Project/unitree_Go2/Go2_deploy/install/share/go2_description/package.dsv'
[0.377s] INFO:colcon.colcon_core.shell:Creating package script '/home/y/Project/unitree_Go2/Go2_deploy/install/share/go2_description/package.sh'
[0.377s] INFO:colcon.colcon_core.shell:Creating package script '/home/y/Project/unitree_Go2/Go2_deploy/install/share/go2_description/package.bash'
[0.377s] INFO:colcon.colcon_core.shell:Creating package script '/home/y/Project/unitree_Go2/Go2_deploy/install/share/go2_description/package.zsh'
[0.378s] Level 1:colcon.colcon_core.environment:create_file_with_runtime_dependencies(/home/y/Project/unitree_Go2/Go2_deploy/install/share/colcon-core/packages/go2_description)
[0.547s] DEBUG:colcon.colcon_core.event_handler.log_command:Invoked command in '/home/y/Project/unitree_Go2/Go2_deploy/build/robot_msgs' returned '0': CMAKE_PREFIX_PATH=/opt/ros/humble /usr/bin/cmake --build /home/y/Project/unitree_Go2/Go2_deploy/build/robot_msgs -- -j16 -l16
[0.549s] DEBUG:colcon.colcon_core.event_handler.log_command:Invoking command in '/home/y/Project/unitree_Go2/Go2_deploy/build/robot_msgs': CMAKE_PREFIX_PATH=/opt/ros/humble /usr/bin/cmake --install /home/y/Project/unitree_Go2/Go2_deploy/build/robot_msgs
[0.608s] Level 1:colcon.colcon_core.environment:create_environment_scripts_only(robot_msgs)
[0.608s] DEBUG:colcon.colcon_core.event_handler.log_command:Invoked command in '/home/y/Project/unitree_Go2/Go2_deploy/build/robot_msgs' returned '0': CMAKE_PREFIX_PATH=/opt/ros/humble /usr/bin/cmake --install /home/y/Project/unitree_Go2/Go2_deploy/build/robot_msgs
[0.608s] Level 1:colcon.colcon_core.environment:checking '/home/y/Project/unitree_Go2/Go2_deploy/install' for CMake module files
[0.609s] Level 1:colcon.colcon_core.environment:checking '/home/y/Project/unitree_Go2/Go2_deploy/install' for CMake config files
[0.610s] Level 1:colcon.colcon_core.shell:create_environment_hook('robot_msgs', 'cmake_prefix_path')
[0.611s] INFO:colcon.colcon_core.shell:Creating environment hook '/home/y/Project/unitree_Go2/Go2_deploy/install/share/robot_msgs/hook/cmake_prefix_path.ps1'
[0.611s] INFO:colcon.colcon_core.shell:Creating environment descriptor '/home/y/Project/unitree_Go2/Go2_deploy/install/share/robot_msgs/hook/cmake_prefix_path.dsv'
[0.611s] INFO:colcon.colcon_core.shell:Creating environment hook '/home/y/Project/unitree_Go2/Go2_deploy/install/share/robot_msgs/hook/cmake_prefix_path.sh'
[0.612s] Level 1:colcon.colcon_core.environment:checking '/home/y/Project/unitree_Go2/Go2_deploy/install/lib'
[0.612s] Level 1:colcon.colcon_core.shell:create_environment_hook('robot_msgs', 'ld_library_path_lib')
[0.612s] INFO:colcon.colcon_core.shell:Creating environment hook '/home/y/Project/unitree_Go2/Go2_deploy/install/share/robot_msgs/hook/ld_library_path_lib.ps1'
[0.612s] INFO:colcon.colcon_core.shell:Creating environment descriptor '/home/y/Project/unitree_Go2/Go2_deploy/install/share/robot_msgs/hook/ld_library_path_lib.dsv'
[0.613s] INFO:colcon.colcon_core.shell:Creating environment hook '/home/y/Project/unitree_Go2/Go2_deploy/install/share/robot_msgs/hook/ld_library_path_lib.sh'
[0.613s] Level 1:colcon.colcon_core.environment:checking '/home/y/Project/unitree_Go2/Go2_deploy/install/bin'
[0.613s] Level 1:colcon.colcon_core.environment:checking '/home/y/Project/unitree_Go2/Go2_deploy/install/lib/pkgconfig/robot_msgs.pc'
[0.613s] Level 1:colcon.colcon_core.environment:checking '/home/y/Project/unitree_Go2/Go2_deploy/install/lib/python3.10/site-packages'
[0.613s] Level 1:colcon.colcon_core.environment:checking '/home/y/Project/unitree_Go2/Go2_deploy/install/bin'
[0.614s] INFO:colcon.colcon_core.shell:Creating package script '/home/y/Project/unitree_Go2/Go2_deploy/install/share/robot_msgs/package.ps1'
[0.614s] INFO:colcon.colcon_core.shell:Creating package descriptor '/home/y/Project/unitree_Go2/Go2_deploy/install/share/robot_msgs/package.dsv'
[0.614s] INFO:colcon.colcon_core.shell:Creating package script '/home/y/Project/unitree_Go2/Go2_deploy/install/share/robot_msgs/package.sh'
[0.614s] INFO:colcon.colcon_core.shell:Creating package script '/home/y/Project/unitree_Go2/Go2_deploy/install/share/robot_msgs/package.bash'
[0.615s] INFO:colcon.colcon_core.shell:Creating package script '/home/y/Project/unitree_Go2/Go2_deploy/install/share/robot_msgs/package.zsh'
[0.615s] Level 1:colcon.colcon_core.environment:create_file_with_runtime_dependencies(/home/y/Project/unitree_Go2/Go2_deploy/install/share/colcon-core/packages/robot_msgs)
[0.615s] Level 1:colcon.colcon_core.environment:create_environment_scripts_only(robot_msgs)
[0.616s] Level 1:colcon.colcon_core.environment:checking '/home/y/Project/unitree_Go2/Go2_deploy/install' for CMake module files
[0.616s] Level 1:colcon.colcon_core.environment:checking '/home/y/Project/unitree_Go2/Go2_deploy/install' for CMake config files
[0.617s] Level 1:colcon.colcon_core.shell:create_environment_hook('robot_msgs', 'cmake_prefix_path')
[0.617s] INFO:colcon.colcon_core.shell:Creating environment hook '/home/y/Project/unitree_Go2/Go2_deploy/install/share/robot_msgs/hook/cmake_prefix_path.ps1'
[0.617s] INFO:colcon.colcon_core.shell:Creating environment descriptor '/home/y/Project/unitree_Go2/Go2_deploy/install/share/robot_msgs/hook/cmake_prefix_path.dsv'
[0.618s] INFO:colcon.colcon_core.shell:Creating environment hook '/home/y/Project/unitree_Go2/Go2_deploy/install/share/robot_msgs/hook/cmake_prefix_path.sh'
[0.618s] Level 1:colcon.colcon_core.environment:checking '/home/y/Project/unitree_Go2/Go2_deploy/install/lib'
[0.618s] Level 1:colcon.colcon_core.shell:create_environment_hook('robot_msgs', 'ld_library_path_lib')
[0.618s] INFO:colcon.colcon_core.shell:Creating environment hook '/home/y/Project/unitree_Go2/Go2_deploy/install/share/robot_msgs/hook/ld_library_path_lib.ps1'
[0.618s] INFO:colcon.colcon_core.shell:Creating environment descriptor '/home/y/Project/unitree_Go2/Go2_deploy/install/share/robot_msgs/hook/ld_library_path_lib.dsv'
[0.619s] INFO:colcon.colcon_core.shell:Creating environment hook '/home/y/Project/unitree_Go2/Go2_deploy/install/share/robot_msgs/hook/ld_library_path_lib.sh'
[0.619s] Level 1:colcon.colcon_core.environment:checking '/home/y/Project/unitree_Go2/Go2_deploy/install/bin'
[0.619s] Level 1:colcon.colcon_core.environment:checking '/home/y/Project/unitree_Go2/Go2_deploy/install/lib/pkgconfig/robot_msgs.pc'
[0.619s] Level 1:colcon.colcon_core.environment:checking '/home/y/Project/unitree_Go2/Go2_deploy/install/lib/python3.10/site-packages'
[0.619s] Level 1:colcon.colcon_core.environment:checking '/home/y/Project/unitree_Go2/Go2_deploy/install/bin'
[0.620s] INFO:colcon.colcon_core.shell:Creating package script '/home/y/Project/unitree_Go2/Go2_deploy/install/share/robot_msgs/package.ps1'
[0.620s] INFO:colcon.colcon_core.shell:Creating package descriptor '/home/y/Project/unitree_Go2/Go2_deploy/install/share/robot_msgs/package.dsv'
[0.620s] INFO:colcon.colcon_core.shell:Creating package script '/home/y/Project/unitree_Go2/Go2_deploy/install/share/robot_msgs/package.sh'
[0.621s] INFO:colcon.colcon_core.shell:Creating package script '/home/y/Project/unitree_Go2/Go2_deploy/install/share/robot_msgs/package.bash'
[0.621s] INFO:colcon.colcon_core.shell:Creating package script '/home/y/Project/unitree_Go2/Go2_deploy/install/share/robot_msgs/package.zsh'
[0.621s] Level 1:colcon.colcon_core.environment:create_file_with_runtime_dependencies(/home/y/Project/unitree_Go2/Go2_deploy/install/share/colcon-core/packages/robot_msgs)
[0.621s] INFO:colcon.colcon_ros.task.ament_cmake.build:Building ROS package in '/home/y/Project/unitree_Go2/Go2_deploy/rl_sar/src/robot_joint_controller' with build type 'ament_cmake'
[0.621s] INFO:colcon.colcon_cmake.task.cmake.build:Building CMake package in '/home/y/Project/unitree_Go2/Go2_deploy/rl_sar/src/robot_joint_controller'
[0.622s] INFO:colcon.colcon_core.shell:Skip shell extension 'powershell' for command environment: Not usable outside of PowerShell
[0.622s] DEBUG:colcon.colcon_core.shell:Skip shell extension 'dsv' for command environment
[0.630s] DEBUG:colcon.colcon_core.event_handler.log_command:Invoking command in '/home/y/Project/unitree_Go2/Go2_deploy/build/robot_joint_controller': AMENT_PREFIX_PATH=/home/y/Project/unitree_Go2/Go2_deploy/install:${AMENT_PREFIX_PATH} CMAKE_PREFIX_PATH=/home/y/Project/unitree_Go2/Go2_deploy/install:/opt/ros/humble LD_LIBRARY_PATH=/home/y/Project/unitree_Go2/Go2_deploy/install/lib:${LD_LIBRARY_PATH} PYTHONPATH=/home/y/Project/unitree_Go2/Go2_deploy/install/local/lib/python3.10/dist-packages:${PYTHONPATH} /usr/bin/cmake --build /home/y/Project/unitree_Go2/Go2_deploy/build/robot_joint_controller -- -j16 -l16
[8.209s] DEBUG:colcon.colcon_core.event_handler.log_command:Invoked command in '/home/y/Project/unitree_Go2/Go2_deploy/build/robot_joint_controller' returned '0': AMENT_PREFIX_PATH=/home/y/Project/unitree_Go2/Go2_deploy/install:${AMENT_PREFIX_PATH} CMAKE_PREFIX_PATH=/home/y/Project/unitree_Go2/Go2_deploy/install:/opt/ros/humble LD_LIBRARY_PATH=/home/y/Project/unitree_Go2/Go2_deploy/install/lib:${LD_LIBRARY_PATH} PYTHONPATH=/home/y/Project/unitree_Go2/Go2_deploy/install/local/lib/python3.10/dist-packages:${PYTHONPATH} /usr/bin/cmake --build /home/y/Project/unitree_Go2/Go2_deploy/build/robot_joint_controller -- -j16 -l16
[8.210s] DEBUG:colcon.colcon_core.event_handler.log_command:Invoking command in '/home/y/Project/unitree_Go2/Go2_deploy/build/robot_joint_controller': AMENT_PREFIX_PATH=/home/y/Project/unitree_Go2/Go2_deploy/install:${AMENT_PREFIX_PATH} CMAKE_PREFIX_PATH=/home/y/Project/unitree_Go2/Go2_deploy/install:/opt/ros/humble LD_LIBRARY_PATH=/home/y/Project/unitree_Go2/Go2_deploy/install/lib:${LD_LIBRARY_PATH} PYTHONPATH=/home/y/Project/unitree_Go2/Go2_deploy/install/local/lib/python3.10/dist-packages:${PYTHONPATH} /usr/bin/cmake --install /home/y/Project/unitree_Go2/Go2_deploy/build/robot_joint_controller
[8.242s] Level 1:colcon.colcon_core.environment:create_environment_scripts_only(robot_joint_controller)
[8.243s] Level 1:colcon.colcon_core.environment:checking '/home/y/Project/unitree_Go2/Go2_deploy/install' for CMake module files
[8.243s] DEBUG:colcon.colcon_core.event_handler.log_command:Invoked command in '/home/y/Project/unitree_Go2/Go2_deploy/build/robot_joint_controller' returned '0': AMENT_PREFIX_PATH=/home/y/Project/unitree_Go2/Go2_deploy/install:${AMENT_PREFIX_PATH} CMAKE_PREFIX_PATH=/home/y/Project/unitree_Go2/Go2_deploy/install:/opt/ros/humble LD_LIBRARY_PATH=/home/y/Project/unitree_Go2/Go2_deploy/install/lib:${LD_LIBRARY_PATH} PYTHONPATH=/home/y/Project/unitree_Go2/Go2_deploy/install/local/lib/python3.10/dist-packages:${PYTHONPATH} /usr/bin/cmake --install /home/y/Project/unitree_Go2/Go2_deploy/build/robot_joint_controller
[8.243s] Level 1:colcon.colcon_core.environment:checking '/home/y/Project/unitree_Go2/Go2_deploy/install' for CMake config files
[8.244s] Level 1:colcon.colcon_core.shell:create_environment_hook('robot_joint_controller', 'cmake_prefix_path')
[8.245s] INFO:colcon.colcon_core.shell:Creating environment hook '/home/y/Project/unitree_Go2/Go2_deploy/install/share/robot_joint_controller/hook/cmake_prefix_path.ps1'
[8.245s] INFO:colcon.colcon_core.shell:Creating environment descriptor '/home/y/Project/unitree_Go2/Go2_deploy/install/share/robot_joint_controller/hook/cmake_prefix_path.dsv'
[8.245s] INFO:colcon.colcon_core.shell:Creating environment hook '/home/y/Project/unitree_Go2/Go2_deploy/install/share/robot_joint_controller/hook/cmake_prefix_path.sh'
[8.246s] Level 1:colcon.colcon_core.environment:checking '/home/y/Project/unitree_Go2/Go2_deploy/install/lib'
[8.246s] Level 1:colcon.colcon_core.shell:create_environment_hook('robot_joint_controller', 'ld_library_path_lib')
[8.246s] INFO:colcon.colcon_core.shell:Creating environment hook '/home/y/Project/unitree_Go2/Go2_deploy/install/share/robot_joint_controller/hook/ld_library_path_lib.ps1'
[8.246s] INFO:colcon.colcon_core.shell:Creating environment descriptor '/home/y/Project/unitree_Go2/Go2_deploy/install/share/robot_joint_controller/hook/ld_library_path_lib.dsv'
[8.246s] INFO:colcon.colcon_core.shell:Creating environment hook '/home/y/Project/unitree_Go2/Go2_deploy/install/share/robot_joint_controller/hook/ld_library_path_lib.sh'
[8.247s] Level 1:colcon.colcon_core.environment:checking '/home/y/Project/unitree_Go2/Go2_deploy/install/bin'
[8.247s] Level 1:colcon.colcon_core.environment:checking '/home/y/Project/unitree_Go2/Go2_deploy/install/lib/pkgconfig/robot_joint_controller.pc'
[8.247s] Level 1:colcon.colcon_core.environment:checking '/home/y/Project/unitree_Go2/Go2_deploy/install/lib/python3.10/site-packages'
[8.247s] Level 1:colcon.colcon_core.environment:checking '/home/y/Project/unitree_Go2/Go2_deploy/install/bin'
[8.247s] INFO:colcon.colcon_core.shell:Creating package script '/home/y/Project/unitree_Go2/Go2_deploy/install/share/robot_joint_controller/package.ps1'
[8.248s] INFO:colcon.colcon_core.shell:Creating package descriptor '/home/y/Project/unitree_Go2/Go2_deploy/install/share/robot_joint_controller/package.dsv'
[8.248s] INFO:colcon.colcon_core.shell:Creating package script '/home/y/Project/unitree_Go2/Go2_deploy/install/share/robot_joint_controller/package.sh'
[8.248s] INFO:colcon.colcon_core.shell:Creating package script '/home/y/Project/unitree_Go2/Go2_deploy/install/share/robot_joint_controller/package.bash'
[8.248s] INFO:colcon.colcon_core.shell:Creating package script '/home/y/Project/unitree_Go2/Go2_deploy/install/share/robot_joint_controller/package.zsh'
[8.249s] Level 1:colcon.colcon_core.environment:create_file_with_runtime_dependencies(/home/y/Project/unitree_Go2/Go2_deploy/install/share/colcon-core/packages/robot_joint_controller)
[8.249s] Level 1:colcon.colcon_core.environment:create_environment_scripts_only(robot_joint_controller)
[8.249s] Level 1:colcon.colcon_core.environment:checking '/home/y/Project/unitree_Go2/Go2_deploy/install' for CMake module files
[8.249s] Level 1:colcon.colcon_core.environment:checking '/home/y/Project/unitree_Go2/Go2_deploy/install' for CMake config files
[8.251s] Level 1:colcon.colcon_core.shell:create_environment_hook('robot_joint_controller', 'cmake_prefix_path')
[8.251s] INFO:colcon.colcon_core.shell:Creating environment hook '/home/y/Project/unitree_Go2/Go2_deploy/install/share/robot_joint_controller/hook/cmake_prefix_path.ps1'
[8.251s] INFO:colcon.colcon_core.shell:Creating environment descriptor '/home/y/Project/unitree_Go2/Go2_deploy/install/share/robot_joint_controller/hook/cmake_prefix_path.dsv'
[8.251s] INFO:colcon.colcon_core.shell:Creating environment hook '/home/y/Project/unitree_Go2/Go2_deploy/install/share/robot_joint_controller/hook/cmake_prefix_path.sh'
[8.252s] Level 1:colcon.colcon_core.environment:checking '/home/y/Project/unitree_Go2/Go2_deploy/install/lib'
[8.252s] Level 1:colcon.colcon_core.shell:create_environment_hook('robot_joint_controller', 'ld_library_path_lib')
[8.252s] INFO:colcon.colcon_core.shell:Creating environment hook '/home/y/Project/unitree_Go2/Go2_deploy/install/share/robot_joint_controller/hook/ld_library_path_lib.ps1'
[8.252s] INFO:colcon.colcon_core.shell:Creating environment descriptor '/home/y/Project/unitree_Go2/Go2_deploy/install/share/robot_joint_controller/hook/ld_library_path_lib.dsv'
[8.252s] INFO:colcon.colcon_core.shell:Creating environment hook '/home/y/Project/unitree_Go2/Go2_deploy/install/share/robot_joint_controller/hook/ld_library_path_lib.sh'
[8.253s] Level 1:colcon.colcon_core.environment:checking '/home/y/Project/unitree_Go2/Go2_deploy/install/bin'
[8.253s] Level 1:colcon.colcon_core.environment:checking '/home/y/Project/unitree_Go2/Go2_deploy/install/lib/pkgconfig/robot_joint_controller.pc'
[8.253s] Level 1:colcon.colcon_core.environment:checking '/home/y/Project/unitree_Go2/Go2_deploy/install/lib/python3.10/site-packages'
[8.253s] Level 1:colcon.colcon_core.environment:checking '/home/y/Project/unitree_Go2/Go2_deploy/install/bin'
[8.253s] INFO:colcon.colcon_core.shell:Creating package script '/home/y/Project/unitree_Go2/Go2_deploy/install/share/robot_joint_controller/package.ps1'
[8.253s] INFO:colcon.colcon_core.shell:Creating package descriptor '/home/y/Project/unitree_Go2/Go2_deploy/install/share/robot_joint_controller/package.dsv'
[8.254s] INFO:colcon.colcon_core.shell:Creating package script '/home/y/Project/unitree_Go2/Go2_deploy/install/share/robot_joint_controller/package.sh'
[8.254s] INFO:colcon.colcon_core.shell:Creating package script '/home/y/Project/unitree_Go2/Go2_deploy/install/share/robot_joint_controller/package.bash'
[8.254s] INFO:colcon.colcon_core.shell:Creating package script '/home/y/Project/unitree_Go2/Go2_deploy/install/share/robot_joint_controller/package.zsh'
[8.255s] Level 1:colcon.colcon_core.environment:create_file_with_runtime_dependencies(/home/y/Project/unitree_Go2/Go2_deploy/install/share/colcon-core/packages/robot_joint_controller)
[8.255s] INFO:colcon.colcon_ros.task.ament_cmake.build:Building ROS package in '/home/y/Project/unitree_Go2/Go2_deploy/rl_sar/src/rl_sar' with build type 'ament_cmake'
[8.255s] INFO:colcon.colcon_cmake.task.cmake.build:Building CMake package in '/home/y/Project/unitree_Go2/Go2_deploy/rl_sar/src/rl_sar'
[8.255s] INFO:colcon.colcon_core.shell:Skip shell extension 'powershell' for command environment: Not usable outside of PowerShell
[8.255s] DEBUG:colcon.colcon_core.shell:Skip shell extension 'dsv' for command environment
[8.265s] DEBUG:colcon.colcon_core.event_handler.log_command:Invoking command in '/home/y/Project/unitree_Go2/Go2_deploy/build/rl_sar': AMENT_PREFIX_PATH=/home/y/Project/unitree_Go2/Go2_deploy/install:${AMENT_PREFIX_PATH} CMAKE_PREFIX_PATH=/home/y/Project/unitree_Go2/Go2_deploy/install:/opt/ros/humble LD_LIBRARY_PATH=/home/y/Project/unitree_Go2/Go2_deploy/install/lib:${LD_LIBRARY_PATH} PYTHONPATH=/home/y/Project/unitree_Go2/Go2_deploy/install/local/lib/python3.10/dist-packages:${PYTHONPATH} /usr/bin/cmake --build /home/y/Project/unitree_Go2/Go2_deploy/build/rl_sar -- -j16 -l16
[23.816s] DEBUG:colcon.colcon_core.event_handler.log_command:Invoked command in '/home/y/Project/unitree_Go2/Go2_deploy/build/rl_sar' returned '0': AMENT_PREFIX_PATH=/home/y/Project/unitree_Go2/Go2_deploy/install:${AMENT_PREFIX_PATH} CMAKE_PREFIX_PATH=/home/y/Project/unitree_Go2/Go2_deploy/install:/opt/ros/humble LD_LIBRARY_PATH=/home/y/Project/unitree_Go2/Go2_deploy/install/lib:${LD_LIBRARY_PATH} PYTHONPATH=/home/y/Project/unitree_Go2/Go2_deploy/install/local/lib/python3.10/dist-packages:${PYTHONPATH} /usr/bin/cmake --build /home/y/Project/unitree_Go2/Go2_deploy/build/rl_sar -- -j16 -l16
[23.817s] DEBUG:colcon.colcon_core.event_handler.log_command:Invoking command in '/home/y/Project/unitree_Go2/Go2_deploy/build/rl_sar': AMENT_PREFIX_PATH=/home/y/Project/unitree_Go2/Go2_deploy/install:${AMENT_PREFIX_PATH} CMAKE_PREFIX_PATH=/home/y/Project/unitree_Go2/Go2_deploy/install:/opt/ros/humble LD_LIBRARY_PATH=/home/y/Project/unitree_Go2/Go2_deploy/install/lib:${LD_LIBRARY_PATH} PYTHONPATH=/home/y/Project/unitree_Go2/Go2_deploy/install/local/lib/python3.10/dist-packages:${PYTHONPATH} /usr/bin/cmake --install /home/y/Project/unitree_Go2/Go2_deploy/build/rl_sar
[23.837s] Level 1:colcon.colcon_core.environment:create_environment_scripts_only(rl_sar)
[23.837s] DEBUG:colcon.colcon_core.event_handler.log_command:Invoked command in '/home/y/Project/unitree_Go2/Go2_deploy/build/rl_sar' returned '0': AMENT_PREFIX_PATH=/home/y/Project/unitree_Go2/Go2_deploy/install:${AMENT_PREFIX_PATH} CMAKE_PREFIX_PATH=/home/y/Project/unitree_Go2/Go2_deploy/install:/opt/ros/humble LD_LIBRARY_PATH=/home/y/Project/unitree_Go2/Go2_deploy/install/lib:${LD_LIBRARY_PATH} PYTHONPATH=/home/y/Project/unitree_Go2/Go2_deploy/install/local/lib/python3.10/dist-packages:${PYTHONPATH} /usr/bin/cmake --install /home/y/Project/unitree_Go2/Go2_deploy/build/rl_sar
[23.838s] Level 1:colcon.colcon_core.environment:checking '/home/y/Project/unitree_Go2/Go2_deploy/install' for CMake module files
[23.838s] Level 1:colcon.colcon_core.environment:checking '/home/y/Project/unitree_Go2/Go2_deploy/install' for CMake config files
[23.839s] Level 1:colcon.colcon_core.shell:create_environment_hook('rl_sar', 'cmake_prefix_path')
[23.839s] INFO:colcon.colcon_core.shell:Creating environment hook '/home/y/Project/unitree_Go2/Go2_deploy/install/share/rl_sar/hook/cmake_prefix_path.ps1'
[23.840s] INFO:colcon.colcon_core.shell:Creating environment descriptor '/home/y/Project/unitree_Go2/Go2_deploy/install/share/rl_sar/hook/cmake_prefix_path.dsv'
[23.840s] INFO:colcon.colcon_core.shell:Creating environment hook '/home/y/Project/unitree_Go2/Go2_deploy/install/share/rl_sar/hook/cmake_prefix_path.sh'
[23.840s] Level 1:colcon.colcon_core.environment:checking '/home/y/Project/unitree_Go2/Go2_deploy/install/lib'
[23.840s] Level 1:colcon.colcon_core.shell:create_environment_hook('rl_sar', 'ld_library_path_lib')
[23.841s] INFO:colcon.colcon_core.shell:Creating environment hook '/home/y/Project/unitree_Go2/Go2_deploy/install/share/rl_sar/hook/ld_library_path_lib.ps1'
[23.841s] INFO:colcon.colcon_core.shell:Creating environment descriptor '/home/y/Project/unitree_Go2/Go2_deploy/install/share/rl_sar/hook/ld_library_path_lib.dsv'
[23.841s] INFO:colcon.colcon_core.shell:Creating environment hook '/home/y/Project/unitree_Go2/Go2_deploy/install/share/rl_sar/hook/ld_library_path_lib.sh'
[23.841s] Level 1:colcon.colcon_core.environment:checking '/home/y/Project/unitree_Go2/Go2_deploy/install/bin'
[23.841s] Level 1:colcon.colcon_core.environment:checking '/home/y/Project/unitree_Go2/Go2_deploy/install/lib/pkgconfig/rl_sar.pc'
[23.842s] Level 1:colcon.colcon_core.environment:checking '/home/y/Project/unitree_Go2/Go2_deploy/install/lib/python3.10/site-packages'
[23.842s] Level 1:colcon.colcon_core.environment:checking '/home/y/Project/unitree_Go2/Go2_deploy/install/bin'
[23.842s] INFO:colcon.colcon_core.shell:Creating package script '/home/y/Project/unitree_Go2/Go2_deploy/install/share/rl_sar/package.ps1'
[23.842s] INFO:colcon.colcon_core.shell:Creating package descriptor '/home/y/Project/unitree_Go2/Go2_deploy/install/share/rl_sar/package.dsv'
[23.842s] INFO:colcon.colcon_core.shell:Creating package script '/home/y/Project/unitree_Go2/Go2_deploy/install/share/rl_sar/package.sh'
[23.843s] INFO:colcon.colcon_core.shell:Creating package script '/home/y/Project/unitree_Go2/Go2_deploy/install/share/rl_sar/package.bash'
[23.848s] INFO:colcon.colcon_core.shell:Creating package script '/home/y/Project/unitree_Go2/Go2_deploy/install/share/rl_sar/package.zsh'
[23.849s] Level 1:colcon.colcon_core.environment:create_file_with_runtime_dependencies(/home/y/Project/unitree_Go2/Go2_deploy/install/share/colcon-core/packages/rl_sar)
[23.849s] Level 1:colcon.colcon_core.environment:create_environment_scripts_only(rl_sar)
[23.849s] Level 1:colcon.colcon_core.environment:checking '/home/y/Project/unitree_Go2/Go2_deploy/install' for CMake module files
[23.850s] Level 1:colcon.colcon_core.environment:checking '/home/y/Project/unitree_Go2/Go2_deploy/install' for CMake config files
[23.851s] Level 1:colcon.colcon_core.shell:create_environment_hook('rl_sar', 'cmake_prefix_path')
[23.851s] INFO:colcon.colcon_core.shell:Creating environment hook '/home/y/Project/unitree_Go2/Go2_deploy/install/share/rl_sar/hook/cmake_prefix_path.ps1'
[23.851s] INFO:colcon.colcon_core.shell:Creating environment descriptor '/home/y/Project/unitree_Go2/Go2_deploy/install/share/rl_sar/hook/cmake_prefix_path.dsv'
[23.851s] INFO:colcon.colcon_core.shell:Creating environment hook '/home/y/Project/unitree_Go2/Go2_deploy/install/share/rl_sar/hook/cmake_prefix_path.sh'
[23.852s] Level 1:colcon.colcon_core.environment:checking '/home/y/Project/unitree_Go2/Go2_deploy/install/lib'
[23.852s] Level 1:colcon.colcon_core.shell:create_environment_hook('rl_sar', 'ld_library_path_lib')
[23.852s] INFO:colcon.colcon_core.shell:Creating environment hook '/home/y/Project/unitree_Go2/Go2_deploy/install/share/rl_sar/hook/ld_library_path_lib.ps1'
[23.852s] INFO:colcon.colcon_core.shell:Creating environment descriptor '/home/y/Project/unitree_Go2/Go2_deploy/install/share/rl_sar/hook/ld_library_path_lib.dsv'
[23.852s] INFO:colcon.colcon_core.shell:Creating environment hook '/home/y/Project/unitree_Go2/Go2_deploy/install/share/rl_sar/hook/ld_library_path_lib.sh'
[23.853s] Level 1:colcon.colcon_core.environment:checking '/home/y/Project/unitree_Go2/Go2_deploy/install/bin'
[23.853s] Level 1:colcon.colcon_core.environment:checking '/home/y/Project/unitree_Go2/Go2_deploy/install/lib/pkgconfig/rl_sar.pc'
[23.853s] Level 1:colcon.colcon_core.environment:checking '/home/y/Project/unitree_Go2/Go2_deploy/install/lib/python3.10/site-packages'
[23.853s] Level 1:colcon.colcon_core.environment:checking '/home/y/Project/unitree_Go2/Go2_deploy/install/bin'
[23.853s] INFO:colcon.colcon_core.shell:Creating package script '/home/y/Project/unitree_Go2/Go2_deploy/install/share/rl_sar/package.ps1'
[23.854s] INFO:colcon.colcon_core.shell:Creating package descriptor '/home/y/Project/unitree_Go2/Go2_deploy/install/share/rl_sar/package.dsv'
[23.854s] INFO:colcon.colcon_core.shell:Creating package script '/home/y/Project/unitree_Go2/Go2_deploy/install/share/rl_sar/package.sh'
[23.854s] INFO:colcon.colcon_core.shell:Creating package script '/home/y/Project/unitree_Go2/Go2_deploy/install/share/rl_sar/package.bash'
[23.855s] INFO:colcon.colcon_core.shell:Creating package script '/home/y/Project/unitree_Go2/Go2_deploy/install/share/rl_sar/package.zsh'
[23.855s] Level 1:colcon.colcon_core.environment:create_file_with_runtime_dependencies(/home/y/Project/unitree_Go2/Go2_deploy/install/share/colcon-core/packages/rl_sar)
[23.855s] DEBUG:colcon.colcon_parallel_executor.executor.parallel:closing loop
[23.855s] DEBUG:colcon.colcon_parallel_executor.executor.parallel:loop closed
[23.855s] DEBUG:colcon.colcon_parallel_executor.executor.parallel:run_until_complete finished with '0'
[23.855s] DEBUG:colcon.colcon_core.event_reactor:joining thread
[23.859s] INFO:colcon.colcon_core.plugin_system:Skipping extension 'colcon_notification.desktop_notification.terminal_notifier': Not used on non-Darwin systems
[23.859s] INFO:colcon.colcon_core.plugin_system:Skipping extension 'colcon_notification.desktop_notification.win32': Not used on non-Windows systems
[23.859s] INFO:colcon.colcon_notification.desktop_notification:Sending desktop notification using 'notify2'
[23.868s] DEBUG:colcon.colcon_core.event_reactor:joined thread
[23.869s] INFO:colcon.colcon_core.shell:Creating prefix script '/home/y/Project/unitree_Go2/Go2_deploy/install/local_setup.ps1'
[23.869s] INFO:colcon.colcon_core.shell:Creating prefix util module '/home/y/Project/unitree_Go2/Go2_deploy/install/_local_setup_util_ps1.py'
[23.870s] INFO:colcon.colcon_core.shell:Creating prefix chain script '/home/y/Project/unitree_Go2/Go2_deploy/install/setup.ps1'
[23.871s] INFO:colcon.colcon_core.shell:Creating prefix script '/home/y/Project/unitree_Go2/Go2_deploy/install/local_setup.sh'
[23.871s] INFO:colcon.colcon_core.shell:Creating prefix util module '/home/y/Project/unitree_Go2/Go2_deploy/install/_local_setup_util_sh.py'
[23.872s] INFO:colcon.colcon_core.shell:Creating prefix chain script '/home/y/Project/unitree_Go2/Go2_deploy/install/setup.sh'
[23.872s] INFO:colcon.colcon_core.shell:Creating prefix script '/home/y/Project/unitree_Go2/Go2_deploy/install/local_setup.bash'
[23.873s] INFO:colcon.colcon_core.shell:Creating prefix chain script '/home/y/Project/unitree_Go2/Go2_deploy/install/setup.bash'
[23.873s] INFO:colcon.colcon_core.shell:Creating prefix script '/home/y/Project/unitree_Go2/Go2_deploy/install/local_setup.zsh'
[23.874s] INFO:colcon.colcon_core.shell:Creating prefix chain script '/home/y/Project/unitree_Go2/Go2_deploy/install/setup.zsh'
