[0.008s] Invoking command in '/home/y/Project/unitree_Go2/Go2_deploy/build/robot_joint_controller': AMENT_PREFIX_PATH=/home/y/Project/unitree_Go2/Go2_deploy/install:${AMENT_PREFIX_PATH} CMAKE_PREFIX_PATH=/home/y/Project/unitree_Go2/Go2_deploy/install:/opt/ros/humble LD_LIBRARY_PATH=/home/y/Project/unitree_Go2/Go2_deploy/install/lib:${LD_LIBRARY_PATH} PYTHONPATH=/home/y/Project/unitree_Go2/Go2_deploy/install/local/lib/python3.10/dist-packages:${PYTHONPATH} /usr/bin/cmake --build /home/y/Project/unitree_Go2/Go2_deploy/build/robot_joint_controller -- -j16 -l16
[0.045s] [35m[1mConsolidate compiler generated dependencies of target robot_joint_controller[0m
[0.062s] [100%] Built target robot_joint_controller
[0.073s] Invoked command in '/home/y/Project/unitree_Go2/Go2_deploy/build/robot_joint_controller' returned '0': AMENT_PREFIX_PATH=/home/y/Project/unitree_Go2/Go2_deploy/install:${AMENT_PREFIX_PATH} CMAKE_PREFIX_PATH=/home/y/Project/unitree_Go2/Go2_deploy/install:/opt/ros/humble LD_LIBRARY_PATH=/home/y/Project/unitree_Go2/Go2_deploy/install/lib:${LD_LIBRARY_PATH} PYTHONPATH=/home/y/Project/unitree_Go2/Go2_deploy/install/local/lib/python3.10/dist-packages:${PYTHONPATH} /usr/bin/cmake --build /home/y/Project/unitree_Go2/Go2_deploy/build/robot_joint_controller -- -j16 -l16
[0.074s] Invoking command in '/home/y/Project/unitree_Go2/Go2_deploy/build/robot_joint_controller': AMENT_PREFIX_PATH=/home/y/Project/unitree_Go2/Go2_deploy/install:${AMENT_PREFIX_PATH} CMAKE_PREFIX_PATH=/home/y/Project/unitree_Go2/Go2_deploy/install:/opt/ros/humble LD_LIBRARY_PATH=/home/y/Project/unitree_Go2/Go2_deploy/install/lib:${LD_LIBRARY_PATH} PYTHONPATH=/home/y/Project/unitree_Go2/Go2_deploy/install/local/lib/python3.10/dist-packages:${PYTHONPATH} /usr/bin/cmake --install /home/y/Project/unitree_Go2/Go2_deploy/build/robot_joint_controller
[0.080s] -- Install configuration: ""
[0.081s] -- Execute custom install script
[0.081s] -- Up-to-date symlink: /home/y/Project/unitree_Go2/Go2_deploy/install/share/robot_joint_controller//robot_joint_controller_plugins.xml
[0.081s] -- Up-to-date symlink: /home/y/Project/unitree_Go2/Go2_deploy/install/include/robot_joint_controller/robot_joint_controller.hpp
[0.081s] -- Up-to-date symlink: /home/y/Project/unitree_Go2/Go2_deploy/install/include/robot_joint_controller/robot_joint_controller_group.hpp
[0.081s] -- Up-to-date symlink: /home/y/Project/unitree_Go2/Go2_deploy/install/include/robot_joint_controller/visibility_control.h
[0.081s] -- Up-to-date symlink: /home/y/Project/unitree_Go2/Go2_deploy/install/share/robot_joint_controller/environment/library_path.sh
[0.081s] -- Up-to-date symlink: /home/y/Project/unitree_Go2/Go2_deploy/install/share/robot_joint_controller/environment/library_path.dsv
[0.082s] -- Up-to-date symlink: /home/y/Project/unitree_Go2/Go2_deploy/install/share/ament_index/resource_index/package_run_dependencies/robot_joint_controller
[0.082s] -- Up-to-date symlink: /home/y/Project/unitree_Go2/Go2_deploy/install/share/ament_index/resource_index/parent_prefix_path/robot_joint_controller
[0.082s] -- Up-to-date symlink: /home/y/Project/unitree_Go2/Go2_deploy/install/share/robot_joint_controller/environment/ament_prefix_path.sh
[0.082s] -- Up-to-date symlink: /home/y/Project/unitree_Go2/Go2_deploy/install/share/robot_joint_controller/environment/ament_prefix_path.dsv
[0.082s] -- Up-to-date symlink: /home/y/Project/unitree_Go2/Go2_deploy/install/share/robot_joint_controller/environment/path.sh
[0.082s] -- Up-to-date symlink: /home/y/Project/unitree_Go2/Go2_deploy/install/share/robot_joint_controller/environment/path.dsv
[0.082s] -- Up-to-date symlink: /home/y/Project/unitree_Go2/Go2_deploy/install/share/robot_joint_controller/local_setup.bash
[0.083s] -- Up-to-date symlink: /home/y/Project/unitree_Go2/Go2_deploy/install/share/robot_joint_controller/local_setup.sh
[0.083s] -- Up-to-date symlink: /home/y/Project/unitree_Go2/Go2_deploy/install/share/robot_joint_controller/local_setup.zsh
[0.083s] -- Up-to-date symlink: /home/y/Project/unitree_Go2/Go2_deploy/install/share/robot_joint_controller/local_setup.dsv
[0.083s] -- Symlinking: /home/y/Project/unitree_Go2/Go2_deploy/install/share/robot_joint_controller/package.dsv
[0.090s] -- Up-to-date symlink: /home/y/Project/unitree_Go2/Go2_deploy/install/share/ament_index/resource_index/packages/robot_joint_controller
[0.090s] -- Up-to-date symlink: /home/y/Project/unitree_Go2/Go2_deploy/install/share/ament_index/resource_index/controller_interface__pluginlib__plugin/robot_joint_controller
[0.091s] -- Up-to-date symlink: /home/y/Project/unitree_Go2/Go2_deploy/install/share/robot_joint_controller/cmake/ament_cmake_export_libraries-extras.cmake
[0.091s] -- Up-to-date symlink: /home/y/Project/unitree_Go2/Go2_deploy/install/share/robot_joint_controller/cmake/ament_cmake_export_dependencies-extras.cmake
[0.091s] -- Up-to-date symlink: /home/y/Project/unitree_Go2/Go2_deploy/install/share/robot_joint_controller/cmake/robot_joint_controllerConfig.cmake
[0.091s] -- Up-to-date symlink: /home/y/Project/unitree_Go2/Go2_deploy/install/share/robot_joint_controller/cmake/robot_joint_controllerConfig-version.cmake
[0.091s] -- Up-to-date symlink: /home/y/Project/unitree_Go2/Go2_deploy/install/share/robot_joint_controller/package.xml
[0.091s] -- Up-to-date: /home/y/Project/unitree_Go2/Go2_deploy/install/lib/librobot_joint_controller.so
[0.093s] Invoked command in '/home/y/Project/unitree_Go2/Go2_deploy/build/robot_joint_controller' returned '0': AMENT_PREFIX_PATH=/home/y/Project/unitree_Go2/Go2_deploy/install:${AMENT_PREFIX_PATH} CMAKE_PREFIX_PATH=/home/y/Project/unitree_Go2/Go2_deploy/install:/opt/ros/humble LD_LIBRARY_PATH=/home/y/Project/unitree_Go2/Go2_deploy/install/lib:${LD_LIBRARY_PATH} PYTHONPATH=/home/y/Project/unitree_Go2/Go2_deploy/install/local/lib/python3.10/dist-packages:${PYTHONPATH} /usr/bin/cmake --install /home/y/Project/unitree_Go2/Go2_deploy/build/robot_joint_controller
