[0.013s] Invoking command in '/home/y/Project/unitree_Go2/Go2_deploy/build/robot_msgs': CMAKE_PREFIX_PATH=/opt/ros/humble /usr/bin/cmake /home/y/Project/unitree_Go2/Go2_deploy/rl_sar/src/robot_msgs -DAMENT_CMAKE_SYMLINK_INSTALL=1 -DCMAKE_INSTALL_PREFIX=/home/y/Project/unitree_Go2/Go2_deploy/install
[0.086s] -- The C compiler identification is GNU 11.4.0
[0.140s] -- The CXX compiler identification is GNU 11.4.0
[0.148s] -- Detecting C compiler ABI info
[0.205s] -- Detecting C compiler ABI info - done
[0.211s] -- Check for working C compiler: /usr/bin/cc - skipped
[0.211s] -- Detecting C compile features
[0.211s] -- Detecting C compile features - done
[0.214s] -- Detecting CXX compiler ABI info
[0.278s] -- Detecting CXX compiler ABI info - done
[0.283s] -- Check for working CXX compiler: /usr/bin/c++ - skipped
[0.283s] -- Detecting CXX compile features
[0.283s] -- Detecting CXX compile features - done
[0.292s] -- Found ament_cmake: 1.3.11 (/opt/ros/humble/share/ament_cmake/cmake)
[0.405s] -- Found Python3: /usr/bin/python3 (found version "3.10.12") found components: Interpreter 
[0.455s] -- Override CMake install command with custom implementation using symlinks instead of copying resources
[0.483s] -- Found rosidl_default_generators: 1.2.0 (/opt/ros/humble/share/rosidl_default_generators/cmake)
[0.488s] -- Using all available rosidl_typesupport_c: rosidl_typesupport_fastrtps_c;rosidl_typesupport_introspection_c
[0.495s] -- Found rosidl_adapter: 3.1.6 (/opt/ros/humble/share/rosidl_adapter/cmake)
[0.533s] -- Using all available rosidl_typesupport_cpp: rosidl_typesupport_fastrtps_cpp;rosidl_typesupport_introspection_cpp
[0.757s] -- Found ament_cmake_ros: 0.10.0 (/opt/ros/humble/share/ament_cmake_ros/cmake)
[0.896s] -- Using all available rosidl_typesupport_c: rosidl_typesupport_fastrtps_c;rosidl_typesupport_introspection_c
[1.072s] -- Using all available rosidl_typesupport_cpp: rosidl_typesupport_fastrtps_cpp;rosidl_typesupport_introspection_cpp
[1.089s] -- Found PythonInterp: /usr/bin/python3 (found suitable version "3.10.12", minimum required is "3.6") 
[1.091s] -- Found python_cmake_module: 0.10.0 (/opt/ros/humble/share/python_cmake_module/cmake)
[1.112s] -- Found PythonLibs: /usr/lib/x86_64-linux-gnu/libpython3.10.so (found suitable version "3.10.12", minimum required is "3.5") 
[1.112s] -- Using PYTHON_EXECUTABLE: /usr/bin/python3
[1.112s] -- Using PYTHON_INCLUDE_DIRS: /usr/include/python3.10
[1.112s] -- Using PYTHON_LIBRARIES: /usr/lib/x86_64-linux-gnu/libpython3.10.so
[1.128s] -- Found PythonExtra: .so  
[1.162s] -- Configuring done
[1.190s] -- Generating done
[1.197s] -- Build files have been written to: /home/y/Project/unitree_Go2/Go2_deploy/build/robot_msgs
[1.205s] Invoked command in '/home/y/Project/unitree_Go2/Go2_deploy/build/robot_msgs' returned '0': CMAKE_PREFIX_PATH=/opt/ros/humble /usr/bin/cmake /home/y/Project/unitree_Go2/Go2_deploy/rl_sar/src/robot_msgs -DAMENT_CMAKE_SYMLINK_INSTALL=1 -DCMAKE_INSTALL_PREFIX=/home/y/Project/unitree_Go2/Go2_deploy/install
[1.206s] Invoking command in '/home/y/Project/unitree_Go2/Go2_deploy/build/robot_msgs': CMAKE_PREFIX_PATH=/opt/ros/humble /usr/bin/cmake --build /home/y/Project/unitree_Go2/Go2_deploy/build/robot_msgs -- -j16 -l16
[1.236s] [  1%] [34m[1mGenerating C code for ROS interfaces[0m
[1.244s] [  3%] [34m[1mGenerating C++ code for ROS interfaces[0m
[1.252s] [  3%] Built target ament_cmake_python_symlink_robot_msgs
[1.437s] running egg_info
[1.438s] creating robot_msgs.egg-info
[1.438s] writing robot_msgs.egg-info/PKG-INFO
[1.438s] writing dependency_links to robot_msgs.egg-info/dependency_links.txt
[1.438s] writing top-level names to robot_msgs.egg-info/top_level.txt
[1.438s] writing manifest file 'robot_msgs.egg-info/SOURCES.txt'
[1.440s] reading manifest file 'robot_msgs.egg-info/SOURCES.txt'
[1.440s] writing manifest file 'robot_msgs.egg-info/SOURCES.txt'
[1.463s] [  3%] Built target ament_cmake_python_build_robot_msgs_egg
[1.627s] [  3%] Built target robot_msgs__cpp
[1.636s] [  9%] [34m[1mGenerating C++ type support for eProsima Fast-RTPS[0m
[1.636s] [  9%] [32mBuilding C object CMakeFiles/robot_msgs__rosidl_generator_c.dir/rosidl_generator_c/robot_msgs/msg/detail/motor_state__functions.c.o[0m
[1.636s] [  9%] [32mBuilding C object CMakeFiles/robot_msgs__rosidl_generator_c.dir/rosidl_generator_c/robot_msgs/msg/detail/motor_command__functions.c.o[0m
[1.636s] [  9%] [32mBuilding C object CMakeFiles/robot_msgs__rosidl_generator_c.dir/rosidl_generator_c/robot_msgs/msg/detail/robot_command__functions.c.o[0m
[1.636s] [ 11%] [34m[1mGenerating C++ introspection for ROS interfaces[0m
[1.636s] [ 12%] [32mBuilding C object CMakeFiles/robot_msgs__rosidl_generator_c.dir/rosidl_generator_c/robot_msgs/msg/detail/robot_state__functions.c.o[0m
[1.636s] [ 14%] [32mBuilding C object CMakeFiles/robot_msgs__rosidl_generator_c.dir/rosidl_generator_c/robot_msgs/msg/detail/imu__functions.c.o[0m
[1.636s] [ 15%] [34m[1mGenerating C++ type support dispatch for ROS interfaces[0m
[1.677s] [ 17%] [32m[1mLinking C shared library librobot_msgs__rosidl_generator_c.so[0m
[1.710s] [ 17%] Built target robot_msgs__rosidl_generator_c
[1.719s] [ 22%] [34m[1mGenerating C type support dispatch for ROS interfaces[0m
[1.719s] [ 22%] [34m[1mGenerating C type support for eProsima Fast-RTPS[0m
[1.719s] [ 22%] [34m[1mGenerating C introspection for ROS interfaces[0m
[1.918s] [ 23%] [32mBuilding CXX object CMakeFiles/robot_msgs__rosidl_typesupport_cpp.dir/rosidl_typesupport_cpp/robot_msgs/msg/motor_command__type_support.cpp.o[0m
[1.918s] [ 25%] [32mBuilding CXX object CMakeFiles/robot_msgs__rosidl_typesupport_cpp.dir/rosidl_typesupport_cpp/robot_msgs/msg/robot_command__type_support.cpp.o[0m
[1.918s] [ 26%] [32mBuilding CXX object CMakeFiles/robot_msgs__rosidl_typesupport_cpp.dir/rosidl_typesupport_cpp/robot_msgs/msg/imu__type_support.cpp.o[0m
[1.919s] [ 28%] [32mBuilding CXX object CMakeFiles/robot_msgs__rosidl_typesupport_cpp.dir/rosidl_typesupport_cpp/robot_msgs/msg/motor_state__type_support.cpp.o[0m
[1.919s] [ 30%] [32mBuilding CXX object CMakeFiles/robot_msgs__rosidl_typesupport_cpp.dir/rosidl_typesupport_cpp/robot_msgs/msg/robot_state__type_support.cpp.o[0m
[1.975s] [ 31%] [32mBuilding CXX object CMakeFiles/robot_msgs__rosidl_typesupport_introspection_cpp.dir/rosidl_typesupport_introspection_cpp/robot_msgs/msg/detail/robot_command__type_support.cpp.o[0m
[1.975s] [ 33%] [32mBuilding CXX object CMakeFiles/robot_msgs__rosidl_typesupport_introspection_cpp.dir/rosidl_typesupport_introspection_cpp/robot_msgs/msg/detail/motor_command__type_support.cpp.o[0m
[1.975s] [ 34%] [32mBuilding CXX object CMakeFiles/robot_msgs__rosidl_typesupport_introspection_cpp.dir/rosidl_typesupport_introspection_cpp/robot_msgs/msg/detail/motor_state__type_support.cpp.o[0m
[1.976s] [ 36%] [32mBuilding CXX object CMakeFiles/robot_msgs__rosidl_typesupport_introspection_cpp.dir/rosidl_typesupport_introspection_cpp/robot_msgs/msg/detail/robot_state__type_support.cpp.o[0m
[1.977s] [ 38%] [32mBuilding CXX object CMakeFiles/robot_msgs__rosidl_typesupport_introspection_cpp.dir/rosidl_typesupport_introspection_cpp/robot_msgs/msg/detail/imu__type_support.cpp.o[0m
[1.998s] [ 39%] [32mBuilding CXX object CMakeFiles/robot_msgs__rosidl_typesupport_fastrtps_cpp.dir/rosidl_typesupport_fastrtps_cpp/robot_msgs/msg/detail/dds_fastrtps/motor_state__type_support.cpp.o[0m
[1.998s] [ 41%] [32mBuilding CXX object CMakeFiles/robot_msgs__rosidl_typesupport_fastrtps_cpp.dir/rosidl_typesupport_fastrtps_cpp/robot_msgs/msg/detail/dds_fastrtps/robot_command__type_support.cpp.o[0m
[2.001s] [ 42%] [32mBuilding CXX object CMakeFiles/robot_msgs__rosidl_typesupport_fastrtps_cpp.dir/rosidl_typesupport_fastrtps_cpp/robot_msgs/msg/detail/dds_fastrtps/motor_command__type_support.cpp.o[0m
[2.067s] [ 44%] [32mBuilding CXX object CMakeFiles/robot_msgs__rosidl_typesupport_c.dir/rosidl_typesupport_c/robot_msgs/msg/motor_command__type_support.cpp.o[0m
[2.115s] [ 46%] [32mBuilding CXX object CMakeFiles/robot_msgs__rosidl_typesupport_c.dir/rosidl_typesupport_c/robot_msgs/msg/motor_state__type_support.cpp.o[0m
[2.157s] [ 47%] [32mBuilding CXX object CMakeFiles/robot_msgs__rosidl_typesupport_c.dir/rosidl_typesupport_c/robot_msgs/msg/robot_command__type_support.cpp.o[0m
[2.201s] [ 49%] [32mBuilding CXX object CMakeFiles/robot_msgs__rosidl_typesupport_c.dir/rosidl_typesupport_c/robot_msgs/msg/robot_state__type_support.cpp.o[0m
[2.237s] [ 50%] [32mBuilding C object CMakeFiles/robot_msgs__rosidl_typesupport_introspection_c.dir/rosidl_typesupport_introspection_c/robot_msgs/msg/detail/motor_command__type_support.c.o[0m
[2.243s] [ 52%] [32mBuilding CXX object CMakeFiles/robot_msgs__rosidl_typesupport_c.dir/rosidl_typesupport_c/robot_msgs/msg/imu__type_support.cpp.o[0m
[2.250s] [ 53%] [32mBuilding CXX object CMakeFiles/robot_msgs__rosidl_typesupport_fastrtps_cpp.dir/rosidl_typesupport_fastrtps_cpp/robot_msgs/msg/detail/dds_fastrtps/robot_state__type_support.cpp.o[0m
[2.256s] [ 55%] [32mBuilding CXX object CMakeFiles/robot_msgs__rosidl_typesupport_fastrtps_cpp.dir/rosidl_typesupport_fastrtps_cpp/robot_msgs/msg/detail/dds_fastrtps/imu__type_support.cpp.o[0m
[2.256s] [ 57%] [32mBuilding C object CMakeFiles/robot_msgs__rosidl_typesupport_introspection_c.dir/rosidl_typesupport_introspection_c/robot_msgs/msg/detail/motor_state__type_support.c.o[0m
[2.261s] [ 60%] [32m[1mLinking CXX shared library librobot_msgs__rosidl_typesupport_cpp.so[0m
[2.261s] [ 60%] [32mBuilding C object CMakeFiles/robot_msgs__rosidl_typesupport_introspection_c.dir/rosidl_typesupport_introspection_c/robot_msgs/msg/detail/robot_command__type_support.c.o[0m
[2.268s] [ 61%] [32mBuilding CXX object CMakeFiles/robot_msgs__rosidl_typesupport_fastrtps_c.dir/rosidl_typesupport_fastrtps_c/robot_msgs/msg/detail/motor_command__type_support_c.cpp.o[0m
[2.288s] [ 63%] [32m[1mLinking CXX shared library librobot_msgs__rosidl_typesupport_c.so[0m
[2.288s] [ 65%] [32mBuilding CXX object CMakeFiles/robot_msgs__rosidl_typesupport_fastrtps_c.dir/rosidl_typesupport_fastrtps_c/robot_msgs/msg/detail/motor_state__type_support_c.cpp.o[0m
[2.302s] [ 66%] [32mBuilding C object CMakeFiles/robot_msgs__rosidl_typesupport_introspection_c.dir/rosidl_typesupport_introspection_c/robot_msgs/msg/detail/robot_state__type_support.c.o[0m
[2.311s] [ 68%] [32mBuilding C object CMakeFiles/robot_msgs__rosidl_typesupport_introspection_c.dir/rosidl_typesupport_introspection_c/robot_msgs/msg/detail/imu__type_support.c.o[0m
[2.325s] [ 68%] Built target robot_msgs__rosidl_typesupport_cpp
[2.339s] [ 69%] [32mBuilding CXX object CMakeFiles/robot_msgs__rosidl_typesupport_fastrtps_c.dir/rosidl_typesupport_fastrtps_c/robot_msgs/msg/detail/robot_command__type_support_c.cpp.o[0m
[2.342s] [ 69%] Built target robot_msgs__rosidl_typesupport_c
[2.355s] [ 71%] [32mBuilding CXX object CMakeFiles/robot_msgs__rosidl_typesupport_fastrtps_c.dir/rosidl_typesupport_fastrtps_c/robot_msgs/msg/detail/robot_state__type_support_c.cpp.o[0m
[2.355s] [ 73%] [32mBuilding CXX object CMakeFiles/robot_msgs__rosidl_typesupport_fastrtps_c.dir/rosidl_typesupport_fastrtps_c/robot_msgs/msg/detail/imu__type_support_c.cpp.o[0m
[2.361s] [ 74%] [32m[1mLinking C shared library librobot_msgs__rosidl_typesupport_introspection_c.so[0m
[2.412s] [ 74%] Built target robot_msgs__rosidl_typesupport_introspection_c
[2.496s] [ 76%] [32m[1mLinking CXX shared library librobot_msgs__rosidl_typesupport_introspection_cpp.so[0m
[2.577s] [ 76%] Built target robot_msgs__rosidl_typesupport_introspection_cpp
[2.675s] [ 77%] [32m[1mLinking CXX shared library librobot_msgs__rosidl_typesupport_fastrtps_c.so[0m
[2.680s] [ 79%] [32m[1mLinking CXX shared library librobot_msgs__rosidl_typesupport_fastrtps_cpp.so[0m
[2.737s] [ 79%] Built target robot_msgs__rosidl_typesupport_fastrtps_c
[2.741s] [ 79%] Built target robot_msgs__rosidl_typesupport_fastrtps_cpp
[2.757s] [ 79%] Built target robot_msgs
[2.774s] [ 80%] [34m[1mGenerating Python code for ROS interfaces[0m
[3.321s] [ 80%] Built target robot_msgs__py
[3.338s] [ 87%] [32mBuilding C object CMakeFiles/robot_msgs__rosidl_generator_py.dir/rosidl_generator_py/robot_msgs/msg/_motor_command_s.c.o[0m
[3.338s] [ 87%] [32mBuilding C object CMakeFiles/robot_msgs__rosidl_generator_py.dir/rosidl_generator_py/robot_msgs/msg/_motor_state_s.c.o[0m
[3.338s] [ 87%] [32mBuilding C object CMakeFiles/robot_msgs__rosidl_generator_py.dir/rosidl_generator_py/robot_msgs/msg/_robot_command_s.c.o[0m
[3.338s] [ 87%] [32mBuilding C object CMakeFiles/robot_msgs__rosidl_generator_py.dir/rosidl_generator_py/robot_msgs/msg/_robot_state_s.c.o[0m
[3.338s] [ 88%] [32mBuilding C object CMakeFiles/robot_msgs__rosidl_generator_py.dir/rosidl_generator_py/robot_msgs/msg/_imu_s.c.o[0m
[3.423s] [ 90%] [32m[1mLinking C shared library rosidl_generator_py/robot_msgs/librobot_msgs__rosidl_generator_py.so[0m
[3.455s] [ 90%] Built target robot_msgs__rosidl_generator_py
[3.472s] [ 95%] [32mBuilding C object CMakeFiles/robot_msgs__rosidl_typesupport_introspection_c__pyext.dir/rosidl_generator_py/robot_msgs/_robot_msgs_s.ep.rosidl_typesupport_introspection_c.c.o[0m
[3.472s] [ 95%] [32mBuilding C object CMakeFiles/robot_msgs__rosidl_typesupport_fastrtps_c__pyext.dir/rosidl_generator_py/robot_msgs/_robot_msgs_s.ep.rosidl_typesupport_fastrtps_c.c.o[0m
[3.472s] [ 95%] [32mBuilding C object CMakeFiles/robot_msgs__rosidl_typesupport_c__pyext.dir/rosidl_generator_py/robot_msgs/_robot_msgs_s.ep.rosidl_typesupport_c.c.o[0m
[3.546s] [ 98%] [32m[1mLinking C shared library rosidl_generator_py/robot_msgs/robot_msgs_s__rosidl_typesupport_introspection_c.cpython-310-x86_64-linux-gnu.so[0m
[3.546s] [ 98%] [32m[1mLinking C shared library rosidl_generator_py/robot_msgs/robot_msgs_s__rosidl_typesupport_c.cpython-310-x86_64-linux-gnu.so[0m
[3.549s] [100%] [32m[1mLinking C shared library rosidl_generator_py/robot_msgs/robot_msgs_s__rosidl_typesupport_fastrtps_c.cpython-310-x86_64-linux-gnu.so[0m
[3.573s] [100%] Built target robot_msgs__rosidl_typesupport_introspection_c__pyext
[3.573s] [100%] Built target robot_msgs__rosidl_typesupport_c__pyext
[3.576s] [100%] Built target robot_msgs__rosidl_typesupport_fastrtps_c__pyext
[3.586s] Invoked command in '/home/y/Project/unitree_Go2/Go2_deploy/build/robot_msgs' returned '0': CMAKE_PREFIX_PATH=/opt/ros/humble /usr/bin/cmake --build /home/y/Project/unitree_Go2/Go2_deploy/build/robot_msgs -- -j16 -l16
[3.588s] Invoking command in '/home/y/Project/unitree_Go2/Go2_deploy/build/robot_msgs': CMAKE_PREFIX_PATH=/opt/ros/humble /usr/bin/cmake --install /home/y/Project/unitree_Go2/Go2_deploy/build/robot_msgs
[3.593s] -- Install configuration: ""
[3.594s] -- Execute custom install script
[3.594s] -- Symlinking: /home/y/Project/unitree_Go2/Go2_deploy/install/share/ament_index/resource_index/rosidl_interfaces/robot_msgs
[3.602s] -- Symlinking: /home/y/Project/unitree_Go2/Go2_deploy/install/include/robot_msgs/robot_msgs/msg/detail/imu__functions.h
[3.608s] -- Symlinking: /home/y/Project/unitree_Go2/Go2_deploy/install/include/robot_msgs/robot_msgs/msg/detail/imu__struct.h
[3.615s] -- Symlinking: /home/y/Project/unitree_Go2/Go2_deploy/install/include/robot_msgs/robot_msgs/msg/detail/imu__type_support.h
[3.622s] -- Symlinking: /home/y/Project/unitree_Go2/Go2_deploy/install/include/robot_msgs/robot_msgs/msg/detail/motor_command__functions.h
[3.629s] -- Symlinking: /home/y/Project/unitree_Go2/Go2_deploy/install/include/robot_msgs/robot_msgs/msg/detail/motor_command__struct.h
[3.636s] -- Symlinking: /home/y/Project/unitree_Go2/Go2_deploy/install/include/robot_msgs/robot_msgs/msg/detail/motor_command__type_support.h
[3.643s] -- Symlinking: /home/y/Project/unitree_Go2/Go2_deploy/install/include/robot_msgs/robot_msgs/msg/detail/motor_state__functions.h
[3.650s] -- Symlinking: /home/y/Project/unitree_Go2/Go2_deploy/install/include/robot_msgs/robot_msgs/msg/detail/motor_state__struct.h
[3.657s] -- Symlinking: /home/y/Project/unitree_Go2/Go2_deploy/install/include/robot_msgs/robot_msgs/msg/detail/motor_state__type_support.h
[3.663s] -- Symlinking: /home/y/Project/unitree_Go2/Go2_deploy/install/include/robot_msgs/robot_msgs/msg/detail/robot_command__functions.h
[3.670s] -- Symlinking: /home/y/Project/unitree_Go2/Go2_deploy/install/include/robot_msgs/robot_msgs/msg/detail/robot_command__struct.h
[3.677s] -- Symlinking: /home/y/Project/unitree_Go2/Go2_deploy/install/include/robot_msgs/robot_msgs/msg/detail/robot_command__type_support.h
[3.684s] -- Symlinking: /home/y/Project/unitree_Go2/Go2_deploy/install/include/robot_msgs/robot_msgs/msg/detail/robot_state__functions.h
[3.690s] -- Symlinking: /home/y/Project/unitree_Go2/Go2_deploy/install/include/robot_msgs/robot_msgs/msg/detail/robot_state__struct.h
[3.697s] -- Symlinking: /home/y/Project/unitree_Go2/Go2_deploy/install/include/robot_msgs/robot_msgs/msg/detail/robot_state__type_support.h
[3.703s] -- Symlinking: /home/y/Project/unitree_Go2/Go2_deploy/install/include/robot_msgs/robot_msgs/msg/imu.h
[3.710s] -- Symlinking: /home/y/Project/unitree_Go2/Go2_deploy/install/include/robot_msgs/robot_msgs/msg/motor_command.h
[3.717s] -- Symlinking: /home/y/Project/unitree_Go2/Go2_deploy/install/include/robot_msgs/robot_msgs/msg/motor_state.h
[3.723s] -- Symlinking: /home/y/Project/unitree_Go2/Go2_deploy/install/include/robot_msgs/robot_msgs/msg/robot_command.h
[3.730s] -- Symlinking: /home/y/Project/unitree_Go2/Go2_deploy/install/include/robot_msgs/robot_msgs/msg/robot_state.h
[3.736s] -- Symlinking: /home/y/Project/unitree_Go2/Go2_deploy/install/include/robot_msgs/robot_msgs/msg/rosidl_generator_c__visibility_control.h
[3.744s] -- Symlinking: /home/y/Project/unitree_Go2/Go2_deploy/install/share/robot_msgs/environment/library_path.sh
[3.751s] -- Symlinking: /home/y/Project/unitree_Go2/Go2_deploy/install/share/robot_msgs/environment/library_path.dsv
[3.758s] -- Symlinking: /home/y/Project/unitree_Go2/Go2_deploy/install/include/robot_msgs/robot_msgs/msg/detail/imu__rosidl_typesupport_fastrtps_c.h
[3.765s] -- Symlinking: /home/y/Project/unitree_Go2/Go2_deploy/install/include/robot_msgs/robot_msgs/msg/detail/motor_command__rosidl_typesupport_fastrtps_c.h
[3.772s] -- Symlinking: /home/y/Project/unitree_Go2/Go2_deploy/install/include/robot_msgs/robot_msgs/msg/detail/motor_state__rosidl_typesupport_fastrtps_c.h
[3.780s] -- Symlinking: /home/y/Project/unitree_Go2/Go2_deploy/install/include/robot_msgs/robot_msgs/msg/detail/robot_command__rosidl_typesupport_fastrtps_c.h
[3.786s] -- Symlinking: /home/y/Project/unitree_Go2/Go2_deploy/install/include/robot_msgs/robot_msgs/msg/detail/robot_state__rosidl_typesupport_fastrtps_c.h
[3.793s] -- Symlinking: /home/y/Project/unitree_Go2/Go2_deploy/install/include/robot_msgs/robot_msgs/msg/rosidl_typesupport_fastrtps_c__visibility_control.h
[3.800s] -- Symlinking: /home/y/Project/unitree_Go2/Go2_deploy/install/include/robot_msgs/robot_msgs/msg/detail/imu__rosidl_typesupport_introspection_c.h
[3.807s] -- Symlinking: /home/y/Project/unitree_Go2/Go2_deploy/install/include/robot_msgs/robot_msgs/msg/detail/motor_command__rosidl_typesupport_introspection_c.h
[3.814s] -- Symlinking: /home/y/Project/unitree_Go2/Go2_deploy/install/include/robot_msgs/robot_msgs/msg/detail/motor_state__rosidl_typesupport_introspection_c.h
[3.820s] -- Symlinking: /home/y/Project/unitree_Go2/Go2_deploy/install/include/robot_msgs/robot_msgs/msg/detail/robot_command__rosidl_typesupport_introspection_c.h
[3.827s] -- Symlinking: /home/y/Project/unitree_Go2/Go2_deploy/install/include/robot_msgs/robot_msgs/msg/detail/robot_state__rosidl_typesupport_introspection_c.h
[3.834s] -- Symlinking: /home/y/Project/unitree_Go2/Go2_deploy/install/include/robot_msgs/robot_msgs/msg/rosidl_typesupport_introspection_c__visibility_control.h
[3.842s] -- Symlinking: /home/y/Project/unitree_Go2/Go2_deploy/install/include/robot_msgs/robot_msgs/msg/detail/imu__builder.hpp
[3.849s] -- Symlinking: /home/y/Project/unitree_Go2/Go2_deploy/install/include/robot_msgs/robot_msgs/msg/detail/imu__struct.hpp
[3.856s] -- Symlinking: /home/y/Project/unitree_Go2/Go2_deploy/install/include/robot_msgs/robot_msgs/msg/detail/imu__traits.hpp
[3.863s] -- Symlinking: /home/y/Project/unitree_Go2/Go2_deploy/install/include/robot_msgs/robot_msgs/msg/detail/imu__type_support.hpp
[3.870s] -- Symlinking: /home/y/Project/unitree_Go2/Go2_deploy/install/include/robot_msgs/robot_msgs/msg/detail/motor_command__builder.hpp
[3.877s] -- Symlinking: /home/y/Project/unitree_Go2/Go2_deploy/install/include/robot_msgs/robot_msgs/msg/detail/motor_command__struct.hpp
[3.883s] -- Symlinking: /home/y/Project/unitree_Go2/Go2_deploy/install/include/robot_msgs/robot_msgs/msg/detail/motor_command__traits.hpp
[3.890s] -- Symlinking: /home/y/Project/unitree_Go2/Go2_deploy/install/include/robot_msgs/robot_msgs/msg/detail/motor_command__type_support.hpp
[3.896s] -- Symlinking: /home/y/Project/unitree_Go2/Go2_deploy/install/include/robot_msgs/robot_msgs/msg/detail/motor_state__builder.hpp
[3.903s] -- Symlinking: /home/y/Project/unitree_Go2/Go2_deploy/install/include/robot_msgs/robot_msgs/msg/detail/motor_state__struct.hpp
[3.910s] -- Symlinking: /home/y/Project/unitree_Go2/Go2_deploy/install/include/robot_msgs/robot_msgs/msg/detail/motor_state__traits.hpp
[3.917s] -- Symlinking: /home/y/Project/unitree_Go2/Go2_deploy/install/include/robot_msgs/robot_msgs/msg/detail/motor_state__type_support.hpp
[3.923s] -- Symlinking: /home/y/Project/unitree_Go2/Go2_deploy/install/include/robot_msgs/robot_msgs/msg/detail/robot_command__builder.hpp
[3.930s] -- Symlinking: /home/y/Project/unitree_Go2/Go2_deploy/install/include/robot_msgs/robot_msgs/msg/detail/robot_command__struct.hpp
[3.937s] -- Symlinking: /home/y/Project/unitree_Go2/Go2_deploy/install/include/robot_msgs/robot_msgs/msg/detail/robot_command__traits.hpp
[3.944s] -- Symlinking: /home/y/Project/unitree_Go2/Go2_deploy/install/include/robot_msgs/robot_msgs/msg/detail/robot_command__type_support.hpp
[3.951s] -- Symlinking: /home/y/Project/unitree_Go2/Go2_deploy/install/include/robot_msgs/robot_msgs/msg/detail/robot_state__builder.hpp
[3.957s] -- Symlinking: /home/y/Project/unitree_Go2/Go2_deploy/install/include/robot_msgs/robot_msgs/msg/detail/robot_state__struct.hpp
[3.964s] -- Symlinking: /home/y/Project/unitree_Go2/Go2_deploy/install/include/robot_msgs/robot_msgs/msg/detail/robot_state__traits.hpp
[3.971s] -- Symlinking: /home/y/Project/unitree_Go2/Go2_deploy/install/include/robot_msgs/robot_msgs/msg/detail/robot_state__type_support.hpp
[3.978s] -- Symlinking: /home/y/Project/unitree_Go2/Go2_deploy/install/include/robot_msgs/robot_msgs/msg/imu.hpp
[3.984s] -- Symlinking: /home/y/Project/unitree_Go2/Go2_deploy/install/include/robot_msgs/robot_msgs/msg/motor_command.hpp
[3.991s] -- Symlinking: /home/y/Project/unitree_Go2/Go2_deploy/install/include/robot_msgs/robot_msgs/msg/motor_state.hpp
[3.998s] -- Symlinking: /home/y/Project/unitree_Go2/Go2_deploy/install/include/robot_msgs/robot_msgs/msg/robot_command.hpp
[4.004s] -- Symlinking: /home/y/Project/unitree_Go2/Go2_deploy/install/include/robot_msgs/robot_msgs/msg/robot_state.hpp
[4.011s] -- Symlinking: /home/y/Project/unitree_Go2/Go2_deploy/install/include/robot_msgs/robot_msgs/msg/rosidl_generator_cpp__visibility_control.hpp
[4.018s] -- Symlinking: /home/y/Project/unitree_Go2/Go2_deploy/install/include/robot_msgs/robot_msgs/msg/detail/imu__rosidl_typesupport_fastrtps_cpp.hpp
[4.024s] -- Symlinking: /home/y/Project/unitree_Go2/Go2_deploy/install/include/robot_msgs/robot_msgs/msg/detail/motor_command__rosidl_typesupport_fastrtps_cpp.hpp
[4.031s] -- Symlinking: /home/y/Project/unitree_Go2/Go2_deploy/install/include/robot_msgs/robot_msgs/msg/detail/motor_state__rosidl_typesupport_fastrtps_cpp.hpp
[4.038s] -- Symlinking: /home/y/Project/unitree_Go2/Go2_deploy/install/include/robot_msgs/robot_msgs/msg/detail/robot_command__rosidl_typesupport_fastrtps_cpp.hpp
[4.045s] -- Symlinking: /home/y/Project/unitree_Go2/Go2_deploy/install/include/robot_msgs/robot_msgs/msg/detail/robot_state__rosidl_typesupport_fastrtps_cpp.hpp
[4.052s] -- Symlinking: /home/y/Project/unitree_Go2/Go2_deploy/install/include/robot_msgs/robot_msgs/msg/rosidl_typesupport_fastrtps_cpp__visibility_control.h
[4.059s] -- Symlinking: /home/y/Project/unitree_Go2/Go2_deploy/install/include/robot_msgs/robot_msgs/msg/detail/imu__rosidl_typesupport_introspection_cpp.hpp
[4.066s] -- Symlinking: /home/y/Project/unitree_Go2/Go2_deploy/install/include/robot_msgs/robot_msgs/msg/detail/motor_command__rosidl_typesupport_introspection_cpp.hpp
[4.073s] -- Symlinking: /home/y/Project/unitree_Go2/Go2_deploy/install/include/robot_msgs/robot_msgs/msg/detail/motor_state__rosidl_typesupport_introspection_cpp.hpp
[4.079s] -- Symlinking: /home/y/Project/unitree_Go2/Go2_deploy/install/include/robot_msgs/robot_msgs/msg/detail/robot_command__rosidl_typesupport_introspection_cpp.hpp
[4.086s] -- Symlinking: /home/y/Project/unitree_Go2/Go2_deploy/install/include/robot_msgs/robot_msgs/msg/detail/robot_state__rosidl_typesupport_introspection_cpp.hpp
[4.093s] -- Symlinking: /home/y/Project/unitree_Go2/Go2_deploy/install/share/robot_msgs/environment/pythonpath.sh
[4.101s] -- Symlinking: /home/y/Project/unitree_Go2/Go2_deploy/install/share/robot_msgs/environment/pythonpath.dsv
[4.108s] -- Symlinking: /home/y/Project/unitree_Go2/Go2_deploy/install/local/lib/python3.10/dist-packages/robot_msgs-0.0.0-py3.10.egg-info/PKG-INFO
[4.114s] -- Symlinking: /home/y/Project/unitree_Go2/Go2_deploy/install/local/lib/python3.10/dist-packages/robot_msgs-0.0.0-py3.10.egg-info/SOURCES.txt
[4.121s] -- Symlinking: /home/y/Project/unitree_Go2/Go2_deploy/install/local/lib/python3.10/dist-packages/robot_msgs-0.0.0-py3.10.egg-info/dependency_links.txt
[4.128s] -- Symlinking: /home/y/Project/unitree_Go2/Go2_deploy/install/local/lib/python3.10/dist-packages/robot_msgs-0.0.0-py3.10.egg-info/top_level.txt
[4.136s] -- Symlinking: /home/y/Project/unitree_Go2/Go2_deploy/install/local/lib/python3.10/dist-packages/robot_msgs/__init__.py
[4.144s] -- Symlinking: /home/y/Project/unitree_Go2/Go2_deploy/install/local/lib/python3.10/dist-packages/robot_msgs/_robot_msgs_s.ep.rosidl_typesupport_c.c
[4.150s] -- Symlinking: /home/y/Project/unitree_Go2/Go2_deploy/install/local/lib/python3.10/dist-packages/robot_msgs/_robot_msgs_s.ep.rosidl_typesupport_fastrtps_c.c
[4.157s] -- Symlinking: /home/y/Project/unitree_Go2/Go2_deploy/install/local/lib/python3.10/dist-packages/robot_msgs/_robot_msgs_s.ep.rosidl_typesupport_introspection_c.c
[4.164s] -- Symlinking: /home/y/Project/unitree_Go2/Go2_deploy/install/local/lib/python3.10/dist-packages/robot_msgs/librobot_msgs__rosidl_generator_py.so
[4.170s] -- Symlinking: /home/y/Project/unitree_Go2/Go2_deploy/install/local/lib/python3.10/dist-packages/robot_msgs/msg/__init__.py
[4.177s] -- Symlinking: /home/y/Project/unitree_Go2/Go2_deploy/install/local/lib/python3.10/dist-packages/robot_msgs/msg/_imu.py
[4.183s] -- Symlinking: /home/y/Project/unitree_Go2/Go2_deploy/install/local/lib/python3.10/dist-packages/robot_msgs/msg/_imu_s.c
[4.190s] -- Symlinking: /home/y/Project/unitree_Go2/Go2_deploy/install/local/lib/python3.10/dist-packages/robot_msgs/msg/_motor_command.py
[4.197s] -- Symlinking: /home/y/Project/unitree_Go2/Go2_deploy/install/local/lib/python3.10/dist-packages/robot_msgs/msg/_motor_command_s.c
[4.204s] -- Symlinking: /home/y/Project/unitree_Go2/Go2_deploy/install/local/lib/python3.10/dist-packages/robot_msgs/msg/_motor_state.py
[4.211s] -- Symlinking: /home/y/Project/unitree_Go2/Go2_deploy/install/local/lib/python3.10/dist-packages/robot_msgs/msg/_motor_state_s.c
[4.218s] -- Symlinking: /home/y/Project/unitree_Go2/Go2_deploy/install/local/lib/python3.10/dist-packages/robot_msgs/msg/_robot_command.py
[4.225s] -- Symlinking: /home/y/Project/unitree_Go2/Go2_deploy/install/local/lib/python3.10/dist-packages/robot_msgs/msg/_robot_command_s.c
[4.232s] -- Symlinking: /home/y/Project/unitree_Go2/Go2_deploy/install/local/lib/python3.10/dist-packages/robot_msgs/msg/_robot_state.py
[4.239s] -- Symlinking: /home/y/Project/unitree_Go2/Go2_deploy/install/local/lib/python3.10/dist-packages/robot_msgs/msg/_robot_state_s.c
[4.246s] -- Symlinking: /home/y/Project/unitree_Go2/Go2_deploy/install/local/lib/python3.10/dist-packages/robot_msgs/robot_msgs_s__rosidl_typesupport_c.cpython-310-x86_64-linux-gnu.so
[4.253s] -- Symlinking: /home/y/Project/unitree_Go2/Go2_deploy/install/local/lib/python3.10/dist-packages/robot_msgs/robot_msgs_s__rosidl_typesupport_fastrtps_c.cpython-310-x86_64-linux-gnu.so
[4.260s] -- Symlinking: /home/y/Project/unitree_Go2/Go2_deploy/install/local/lib/python3.10/dist-packages/robot_msgs/robot_msgs_s__rosidl_typesupport_introspection_c.cpython-310-x86_64-linux-gnu.so
[4.267s] -- Up-to-date symlink: /home/y/Project/unitree_Go2/Go2_deploy/install/local/lib/python3.10/dist-packages/robot_msgs/robot_msgs_s__rosidl_typesupport_fastrtps_c.cpython-310-x86_64-linux-gnu.so
[4.267s] -- Up-to-date symlink: /home/y/Project/unitree_Go2/Go2_deploy/install/local/lib/python3.10/dist-packages/robot_msgs/robot_msgs_s__rosidl_typesupport_introspection_c.cpython-310-x86_64-linux-gnu.so
[4.267s] -- Up-to-date symlink: /home/y/Project/unitree_Go2/Go2_deploy/install/local/lib/python3.10/dist-packages/robot_msgs/robot_msgs_s__rosidl_typesupport_c.cpython-310-x86_64-linux-gnu.so
[4.268s] -- Symlinking: /home/y/Project/unitree_Go2/Go2_deploy/install/share/robot_msgs/msg/MotorCommand.idl
[4.275s] -- Symlinking: /home/y/Project/unitree_Go2/Go2_deploy/install/share/robot_msgs/msg/MotorState.idl
[4.282s] -- Symlinking: /home/y/Project/unitree_Go2/Go2_deploy/install/share/robot_msgs/msg/RobotCommand.idl
[4.289s] -- Symlinking: /home/y/Project/unitree_Go2/Go2_deploy/install/share/robot_msgs/msg/RobotState.idl
[4.296s] -- Symlinking: /home/y/Project/unitree_Go2/Go2_deploy/install/share/robot_msgs/msg/IMU.idl
[4.303s] -- Symlinking: /home/y/Project/unitree_Go2/Go2_deploy/install/share/robot_msgs/msg/MotorCommand.msg
[4.310s] -- Symlinking: /home/y/Project/unitree_Go2/Go2_deploy/install/share/robot_msgs/msg/MotorState.msg
[4.317s] -- Symlinking: /home/y/Project/unitree_Go2/Go2_deploy/install/share/robot_msgs/msg/RobotCommand.msg
[4.323s] -- Symlinking: /home/y/Project/unitree_Go2/Go2_deploy/install/share/robot_msgs/msg/RobotState.msg
[4.330s] -- Symlinking: /home/y/Project/unitree_Go2/Go2_deploy/install/share/robot_msgs/msg/IMU.msg
[4.337s] -- Symlinking: /home/y/Project/unitree_Go2/Go2_deploy/install/share/ament_index/resource_index/package_run_dependencies/robot_msgs
[4.344s] -- Symlinking: /home/y/Project/unitree_Go2/Go2_deploy/install/share/ament_index/resource_index/parent_prefix_path/robot_msgs
[4.352s] -- Symlinking: /home/y/Project/unitree_Go2/Go2_deploy/install/share/robot_msgs/environment/ament_prefix_path.sh
[4.359s] -- Symlinking: /home/y/Project/unitree_Go2/Go2_deploy/install/share/robot_msgs/environment/ament_prefix_path.dsv
[4.365s] -- Symlinking: /home/y/Project/unitree_Go2/Go2_deploy/install/share/robot_msgs/environment/path.sh
[4.372s] -- Symlinking: /home/y/Project/unitree_Go2/Go2_deploy/install/share/robot_msgs/environment/path.dsv
[4.379s] -- Symlinking: /home/y/Project/unitree_Go2/Go2_deploy/install/share/robot_msgs/local_setup.bash
[4.386s] -- Symlinking: /home/y/Project/unitree_Go2/Go2_deploy/install/share/robot_msgs/local_setup.sh
[4.393s] -- Symlinking: /home/y/Project/unitree_Go2/Go2_deploy/install/share/robot_msgs/local_setup.zsh
[4.399s] -- Symlinking: /home/y/Project/unitree_Go2/Go2_deploy/install/share/robot_msgs/local_setup.dsv
[4.406s] -- Symlinking: /home/y/Project/unitree_Go2/Go2_deploy/install/share/robot_msgs/package.dsv
[4.413s] -- Symlinking: /home/y/Project/unitree_Go2/Go2_deploy/install/share/ament_index/resource_index/packages/robot_msgs
[4.420s] -- Symlinking: /home/y/Project/unitree_Go2/Go2_deploy/install/share/robot_msgs/cmake/rosidl_cmake-extras.cmake
[4.426s] -- Symlinking: /home/y/Project/unitree_Go2/Go2_deploy/install/share/robot_msgs/cmake/ament_cmake_export_include_directories-extras.cmake
[4.433s] -- Symlinking: /home/y/Project/unitree_Go2/Go2_deploy/install/share/robot_msgs/cmake/ament_cmake_export_libraries-extras.cmake
[4.440s] -- Symlinking: /home/y/Project/unitree_Go2/Go2_deploy/install/share/robot_msgs/cmake/ament_cmake_export_targets-extras.cmake
[4.447s] -- Symlinking: /home/y/Project/unitree_Go2/Go2_deploy/install/share/robot_msgs/cmake/rosidl_cmake_export_typesupport_targets-extras.cmake
[4.454s] -- Symlinking: /home/y/Project/unitree_Go2/Go2_deploy/install/share/robot_msgs/cmake/ament_cmake_export_dependencies-extras.cmake
[4.461s] -- Symlinking: /home/y/Project/unitree_Go2/Go2_deploy/install/share/robot_msgs/cmake/rosidl_cmake_export_typesupport_libraries-extras.cmake
[4.468s] -- Symlinking: /home/y/Project/unitree_Go2/Go2_deploy/install/share/robot_msgs/cmake/robot_msgsConfig.cmake
[4.474s] -- Symlinking: /home/y/Project/unitree_Go2/Go2_deploy/install/share/robot_msgs/cmake/robot_msgsConfig-version.cmake
[4.481s] -- Symlinking: /home/y/Project/unitree_Go2/Go2_deploy/install/share/robot_msgs/package.xml
[4.488s] -- Installing: /home/y/Project/unitree_Go2/Go2_deploy/install/lib/librobot_msgs__rosidl_generator_c.so
[4.489s] -- Set runtime path of "/home/y/Project/unitree_Go2/Go2_deploy/install/lib/librobot_msgs__rosidl_generator_c.so" to ""
[4.489s] -- Installing: /home/y/Project/unitree_Go2/Go2_deploy/install/lib/librobot_msgs__rosidl_typesupport_fastrtps_c.so
[4.489s] -- Set runtime path of "/home/y/Project/unitree_Go2/Go2_deploy/install/lib/librobot_msgs__rosidl_typesupport_fastrtps_c.so" to ""
[4.489s] -- Installing: /home/y/Project/unitree_Go2/Go2_deploy/install/lib/librobot_msgs__rosidl_typesupport_introspection_c.so
[4.489s] -- Set runtime path of "/home/y/Project/unitree_Go2/Go2_deploy/install/lib/librobot_msgs__rosidl_typesupport_introspection_c.so" to ""
[4.490s] -- Installing: /home/y/Project/unitree_Go2/Go2_deploy/install/lib/librobot_msgs__rosidl_typesupport_c.so
[4.490s] -- Set runtime path of "/home/y/Project/unitree_Go2/Go2_deploy/install/lib/librobot_msgs__rosidl_typesupport_c.so" to ""
[4.490s] -- Installing: /home/y/Project/unitree_Go2/Go2_deploy/install/lib/librobot_msgs__rosidl_typesupport_fastrtps_cpp.so
[4.490s] -- Set runtime path of "/home/y/Project/unitree_Go2/Go2_deploy/install/lib/librobot_msgs__rosidl_typesupport_fastrtps_cpp.so" to ""
[4.490s] -- Installing: /home/y/Project/unitree_Go2/Go2_deploy/install/lib/librobot_msgs__rosidl_typesupport_introspection_cpp.so
[4.491s] -- Set runtime path of "/home/y/Project/unitree_Go2/Go2_deploy/install/lib/librobot_msgs__rosidl_typesupport_introspection_cpp.so" to ""
[4.491s] -- Installing: /home/y/Project/unitree_Go2/Go2_deploy/install/lib/librobot_msgs__rosidl_typesupport_cpp.so
[4.491s] -- Set runtime path of "/home/y/Project/unitree_Go2/Go2_deploy/install/lib/librobot_msgs__rosidl_typesupport_cpp.so" to ""
[4.527s] Listing '/home/y/Project/unitree_Go2/Go2_deploy/install/local/lib/python3.10/dist-packages/robot_msgs'...
[4.527s] Compiling '/home/y/Project/unitree_Go2/Go2_deploy/install/local/lib/python3.10/dist-packages/robot_msgs/__init__.py'...
[4.527s] Listing '/home/y/Project/unitree_Go2/Go2_deploy/install/local/lib/python3.10/dist-packages/robot_msgs/msg'...
[4.527s] Compiling '/home/y/Project/unitree_Go2/Go2_deploy/install/local/lib/python3.10/dist-packages/robot_msgs/msg/__init__.py'...
[4.527s] Compiling '/home/y/Project/unitree_Go2/Go2_deploy/install/local/lib/python3.10/dist-packages/robot_msgs/msg/_imu.py'...
[4.527s] Compiling '/home/y/Project/unitree_Go2/Go2_deploy/install/local/lib/python3.10/dist-packages/robot_msgs/msg/_motor_command.py'...
[4.527s] Compiling '/home/y/Project/unitree_Go2/Go2_deploy/install/local/lib/python3.10/dist-packages/robot_msgs/msg/_motor_state.py'...
[4.527s] Compiling '/home/y/Project/unitree_Go2/Go2_deploy/install/local/lib/python3.10/dist-packages/robot_msgs/msg/_robot_command.py'...
[4.528s] Compiling '/home/y/Project/unitree_Go2/Go2_deploy/install/local/lib/python3.10/dist-packages/robot_msgs/msg/_robot_state.py'...
[4.530s] -- Installing: /home/y/Project/unitree_Go2/Go2_deploy/install/lib/librobot_msgs__rosidl_generator_py.so
[4.530s] -- Set runtime path of "/home/y/Project/unitree_Go2/Go2_deploy/install/lib/librobot_msgs__rosidl_generator_py.so" to ""
[4.531s] -- Installing: /home/y/Project/unitree_Go2/Go2_deploy/install/share/robot_msgs/cmake/export_robot_msgs__rosidl_generator_cExport.cmake
[4.531s] -- Installing: /home/y/Project/unitree_Go2/Go2_deploy/install/share/robot_msgs/cmake/export_robot_msgs__rosidl_generator_cExport-noconfig.cmake
[4.531s] -- Installing: /home/y/Project/unitree_Go2/Go2_deploy/install/share/robot_msgs/cmake/export_robot_msgs__rosidl_typesupport_fastrtps_cExport.cmake
[4.531s] -- Installing: /home/y/Project/unitree_Go2/Go2_deploy/install/share/robot_msgs/cmake/export_robot_msgs__rosidl_typesupport_fastrtps_cExport-noconfig.cmake
[4.531s] -- Installing: /home/y/Project/unitree_Go2/Go2_deploy/install/share/robot_msgs/cmake/robot_msgs__rosidl_typesupport_introspection_cExport.cmake
[4.531s] -- Installing: /home/y/Project/unitree_Go2/Go2_deploy/install/share/robot_msgs/cmake/robot_msgs__rosidl_typesupport_introspection_cExport-noconfig.cmake
[4.531s] -- Installing: /home/y/Project/unitree_Go2/Go2_deploy/install/share/robot_msgs/cmake/robot_msgs__rosidl_typesupport_cExport.cmake
[4.532s] -- Installing: /home/y/Project/unitree_Go2/Go2_deploy/install/share/robot_msgs/cmake/robot_msgs__rosidl_typesupport_cExport-noconfig.cmake
[4.532s] -- Installing: /home/y/Project/unitree_Go2/Go2_deploy/install/share/robot_msgs/cmake/export_robot_msgs__rosidl_generator_cppExport.cmake
[4.532s] -- Installing: /home/y/Project/unitree_Go2/Go2_deploy/install/share/robot_msgs/cmake/export_robot_msgs__rosidl_typesupport_fastrtps_cppExport.cmake
[4.532s] -- Installing: /home/y/Project/unitree_Go2/Go2_deploy/install/share/robot_msgs/cmake/export_robot_msgs__rosidl_typesupport_fastrtps_cppExport-noconfig.cmake
[4.532s] -- Installing: /home/y/Project/unitree_Go2/Go2_deploy/install/share/robot_msgs/cmake/robot_msgs__rosidl_typesupport_introspection_cppExport.cmake
[4.532s] -- Installing: /home/y/Project/unitree_Go2/Go2_deploy/install/share/robot_msgs/cmake/robot_msgs__rosidl_typesupport_introspection_cppExport-noconfig.cmake
[4.532s] -- Installing: /home/y/Project/unitree_Go2/Go2_deploy/install/share/robot_msgs/cmake/robot_msgs__rosidl_typesupport_cppExport.cmake
[4.532s] -- Installing: /home/y/Project/unitree_Go2/Go2_deploy/install/share/robot_msgs/cmake/robot_msgs__rosidl_typesupport_cppExport-noconfig.cmake
[4.533s] -- Installing: /home/y/Project/unitree_Go2/Go2_deploy/install/share/robot_msgs/cmake/export_robot_msgs__rosidl_generator_pyExport.cmake
[4.533s] -- Installing: /home/y/Project/unitree_Go2/Go2_deploy/install/share/robot_msgs/cmake/export_robot_msgs__rosidl_generator_pyExport-noconfig.cmake
[4.535s] Invoked command in '/home/y/Project/unitree_Go2/Go2_deploy/build/robot_msgs' returned '0': CMAKE_PREFIX_PATH=/opt/ros/humble /usr/bin/cmake --install /home/y/Project/unitree_Go2/Go2_deploy/build/robot_msgs
